#
# There is insufficient memory for the Java Runtime Environment to continue.
# Native memory allocation (malloc) failed to allocate 1168656 bytes. Error detail: Chunk::new
# Possible reasons:
#   The system is out of physical RAM or swap space
#   This process is running with CompressedOops enabled, and the Java Heap may be blocking the growth of the native heap
# Possible solutions:
#   Reduce memory load on the system
#   Increase physical memory or swap space
#   Check if swap backing store is full
#   Decrease Java heap size (-Xmx/-Xms)
#   Decrease number of Java threads
#   Decrease Java thread stack sizes (-Xss)
#   Set larger code cache with -XX:ReservedCodeCacheSize=
#   JVM is running with Unscaled Compressed Oops mode in which the Java heap is
#     placed in the first 4GB address space. The Java Heap base address is the
#     maximum limit for the native heap growth. Please use -XX:HeapBaseMinAddress
#     to set the Java Heap base and to place the Java Heap above 4GB virtual address.
# This output file may be truncated or incomplete.
#
#  Out of Memory Error (arena.cpp:168), pid=6128, tid=15072
#
# JRE version: OpenJDK Runtime Environment Temurin-21.0.10+7 (21.0.10+7) (build 21.0.10+7-LTS)
# Java VM: OpenJDK 64-Bit Server VM Temurin-21.0.10+7 (21.0.10+7-LTS, mixed mode, sharing, tiered, compressed oops, compressed class ptrs, parallel gc, windows-amd64)
# No core dump will be written. Minidumps are not enabled by default on client versions of Windows
#

---------------  S U M M A R Y ------------

Command Line: --add-modules=ALL-SYSTEM --add-opens=java.base/java.util=ALL-UNNAMED --add-opens=java.base/java.lang=ALL-UNNAMED --add-opens=java.base/sun.nio.fs=ALL-UNNAMED -Declipse.application=org.eclipse.jdt.ls.core.id1 -Dosgi.bundles.defaultStartLevel=4 -Declipse.product=org.eclipse.jdt.ls.core.product -Djava.import.generatesMetadataFilesAtProjectRoot=false -DDetectVMInstallationsJob.disabled=true -Dfile.encoding=utf8 -XX:+UseParallelGC -XX:GCTimeRatio=4 -XX:AdaptiveSizePolicyWeight=90 -Dsun.zip.disableMemoryMapping=true -Xmx2G -Xms100m -Xlog:disable -javaagent:c:\Users\ADMIN\.antigravity\extensions\redhat.java-1.54.0-win32-x64\lombok\lombok-1.18.39-4050.jar -XX:+HeapDumpOnOutOfMemoryError -XX:HeapDumpPath=c:\Users\ADMIN\AppData\Roaming\Antigravity\User\workspaceStorage\fd5ece4e1bf054838039c66767a779f1\redhat.java -Daether.dependencyCollector.impl=bf c:\Users\ADMIN\.antigravity\extensions\redhat.java-1.54.0-win32-x64\server\plugins\org.eclipse.equinox.launcher_1.7.100.v20251111-0406.jar -configuration c:\Users\ADMIN\AppData\Roaming\Antigravity\User\globalStorage\redhat.java\1.54.0\config_win -data c:\Users\ADMIN\AppData\Roaming\Antigravity\User\workspaceStorage\fd5ece4e1bf054838039c66767a779f1\redhat.java\jdt_ws --pipe=\\.\pipe\lsp-2f10556c31cf3e6ad40085cf81d3da5f-sock

Host: 11th Gen Intel(R) Core(TM) i5-11320H @ 3.20GHz, 8 cores, 31G,  Windows 11 , 64 bit Build 26100 (10.0.26100.8328)
Time: Mon May 18 01:06:10 2026 SE Asia Standard Time elapsed time: 39171.334375 seconds (0d 10h 52m 51s)

---------------  T H R E A D  ---------------

Current thread (0x0000020dee24e1d0):  JavaThread "C2 CompilerThread1" daemon [_thread_in_native, id=15072, stack(0x000000e447f00000,0x000000e448000000) (1024K)]


Current CompileTask:
C2:39171334 61087       4       java.lang.invoke.MethodType::makeImpl (109 bytes)

Stack: [0x000000e447f00000,0x000000e448000000]
Native frames: (J=compiled Java code, j=interpreted, Vv=VM code, C=native code)
V  [jvm.dll+0x6d7a39]
V  [jvm.dll+0x8b4b26]
V  [jvm.dll+0x8b70de]
V  [jvm.dll+0x8b77c3]
V  [jvm.dll+0x284346]
V  [jvm.dll+0xc66ed]
V  [jvm.dll+0xc6c31]
V  [jvm.dll+0x3bec3b]
V  [jvm.dll+0x38b162]
V  [jvm.dll+0x38a5aa]
V  [jvm.dll+0x24c560]
V  [jvm.dll+0x24bb40]
V  [jvm.dll+0x1cb34e]
V  [jvm.dll+0x25b85d]
V  [jvm.dll+0x259dea]
V  [jvm.dll+0x3f857e]
V  [jvm.dll+0x85f59d]
V  [jvm.dll+0x6d626d]
C  [ucrtbase.dll+0x37b0]
C  [KERNEL32.DLL+0x2e957]
C  [ntdll.dll+0x427c]


---------------  P R O C E S S  ---------------

Threads class SMR info:
_java_thread_list=0x0000020dfc9e9ea0, length=55, elements={
0x0000020dcf992150, 0x0000020dcfa4d9c0, 0x0000020dcfa4e7d0, 0x0000020de6159b00,
0x0000020de615f820, 0x0000020de615ffc0, 0x0000020de61609e0, 0x0000020de6161430,
0x0000020de7b800b0, 0x0000020de7d13f70, 0x0000020de7e4b410, 0x0000020dec41eba0,
0x0000020dec847080, 0x0000020de7dbf190, 0x0000020dec619db0, 0x0000020de7ef1080,
0x0000020dec166d30, 0x0000020de7cae050, 0x0000020de7cb0120, 0x0000020de7cafa90,
0x0000020de7caed70, 0x0000020dee803dd0, 0x0000020dee805ea0, 0x0000020dee806530,
0x0000020dee8030b0, 0x0000020dee803740, 0x0000020dee804460, 0x0000020dee804af0,
0x0000020dee805810, 0x0000020dee805180, 0x0000020deecbfed0, 0x0000020deecc1280,
0x0000020def8a6880, 0x0000020de7cae6e0, 0x0000020deecc0bf0, 0x0000020ded716140,
0x0000020df05d2ff0, 0x0000020dee6db570, 0x0000020dee6e0ac0, 0x0000020dee6e17e0,
0x0000020dee6dfda0, 0x0000020dee6e1e70, 0x0000020dee6e2500, 0x0000020df05d3680,
0x0000020df05d15b0, 0x0000020df05d22d0, 0x0000020df05d2960, 0x0000020df05d1c40,
0x0000020df05d5750, 0x0000020df05d5de0, 0x0000020df05d7eb0, 0x0000020df05d4a30,
0x0000020df05d8540, 0x0000020ded714070, 0x0000020dee24e1d0
}

Java Threads: ( => current thread )
  0x0000020dcf992150 JavaThread "main"                              [_thread_blocked, id=14400, stack(0x000000e444700000,0x000000e444800000) (1024K)]
  0x0000020dcfa4d9c0 JavaThread "Reference Handler"          daemon [_thread_blocked, id=27456, stack(0x000000e444b00000,0x000000e444c00000) (1024K)]
  0x0000020dcfa4e7d0 JavaThread "Finalizer"                  daemon [_thread_blocked, id=19792, stack(0x000000e444c00000,0x000000e444d00000) (1024K)]
  0x0000020de6159b00 JavaThread "Signal Dispatcher"          daemon [_thread_blocked, id=27128, stack(0x000000e444d00000,0x000000e444e00000) (1024K)]
  0x0000020de615f820 JavaThread "Attach Listener"            daemon [_thread_blocked, id=16560, stack(0x000000e444e00000,0x000000e444f00000) (1024K)]
  0x0000020de615ffc0 JavaThread "Service Thread"             daemon [_thread_blocked, id=6200, stack(0x000000e444f00000,0x000000e445000000) (1024K)]
  0x0000020de61609e0 JavaThread "Monitor Deflation Thread"   daemon [_thread_blocked, id=9560, stack(0x000000e445000000,0x000000e445100000) (1024K)]
  0x0000020de6161430 JavaThread "C2 CompilerThread0"         daemon [_thread_blocked, id=10456, stack(0x000000e445100000,0x000000e445200000) (1024K)]
  0x0000020de7b800b0 JavaThread "C1 CompilerThread0"         daemon [_thread_blocked, id=23040, stack(0x000000e445200000,0x000000e445300000) (1024K)]
  0x0000020de7d13f70 JavaThread "Common-Cleaner"             daemon [_thread_blocked, id=17020, stack(0x000000e445300000,0x000000e445400000) (1024K)]
  0x0000020de7e4b410 JavaThread "Notification Thread"        daemon [_thread_blocked, id=10252, stack(0x000000e445500000,0x000000e445600000) (1024K)]
  0x0000020dec41eba0 JavaThread "Active Thread: Equinox Container: a911c7fd-0f64-4de0-bd7e-b4019269583e"        [_thread_blocked, id=18956, stack(0x000000e445d00000,0x000000e445e00000) (1024K)]
  0x0000020dec847080 JavaThread "Refresh Thread: Equinox Container: a911c7fd-0f64-4de0-bd7e-b4019269583e" daemon [_thread_blocked, id=14328, stack(0x000000e445600000,0x000000e445700000) (1024K)]
  0x0000020de7dbf190 JavaThread "Framework Event Dispatcher: Equinox Container: a911c7fd-0f64-4de0-bd7e-b4019269583e" daemon [_thread_blocked, id=6076, stack(0x000000e445e00000,0x000000e445f00000) (1024K)]
  0x0000020dec619db0 JavaThread "Start Level: Equinox Container: a911c7fd-0f64-4de0-bd7e-b4019269583e" daemon [_thread_blocked, id=19948, stack(0x000000e445f00000,0x000000e446000000) (1024K)]
  0x0000020de7ef1080 JavaThread "Bundle File Closer"         daemon [_thread_blocked, id=2764, stack(0x000000e446100000,0x000000e446200000) (1024K)]
  0x0000020dec166d30 JavaThread "SCR Component Actor"        daemon [_thread_blocked, id=14488, stack(0x000000e446000000,0x000000e446100000) (1024K)]
  0x0000020de7cae050 JavaThread "Worker-JM"                         [_thread_blocked, id=24920, stack(0x000000e446400000,0x000000e446500000) (1024K)]
  0x0000020de7cb0120 JavaThread "JNA Cleaner"                daemon [_thread_blocked, id=11968, stack(0x000000e446300000,0x000000e446400000) (1024K)]
  0x0000020de7cafa90 JavaThread "Java indexing"              daemon [_thread_blocked, id=22644, stack(0x000000e446700000,0x000000e446800000) (1024K)]
  0x0000020de7caed70 JavaThread "Thread-1"                   daemon [_thread_in_native, id=8556, stack(0x000000e446d00000,0x000000e446e00000) (1024K)]
  0x0000020dee803dd0 JavaThread "Thread-2"                   daemon [_thread_in_native, id=27076, stack(0x000000e446e00000,0x000000e446f00000) (1024K)]
  0x0000020dee805ea0 JavaThread "Thread-3"                   daemon [_thread_in_native, id=24688, stack(0x000000e446f00000,0x000000e447000000) (1024K)]
  0x0000020dee806530 JavaThread "Thread-4"                   daemon [_thread_in_native, id=25968, stack(0x000000e447000000,0x000000e447100000) (1024K)]
  0x0000020dee8030b0 JavaThread "Thread-5"                   daemon [_thread_in_native, id=27576, stack(0x000000e447100000,0x000000e447200000) (1024K)]
  0x0000020dee803740 JavaThread "Thread-6"                   daemon [_thread_in_native, id=21140, stack(0x000000e447200000,0x000000e447300000) (1024K)]
  0x0000020dee804460 JavaThread "Thread-7"                   daemon [_thread_in_native, id=5604, stack(0x000000e447300000,0x000000e447400000) (1024K)]
  0x0000020dee804af0 JavaThread "Thread-8"                   daemon [_thread_in_native, id=21932, stack(0x000000e447400000,0x000000e447500000) (1024K)]
  0x0000020dee805810 JavaThread "Thread-9"                   daemon [_thread_in_native, id=26580, stack(0x000000e447500000,0x000000e447600000) (1024K)]
  0x0000020dee805180 JavaThread "pool-2-thread-1"                   [_thread_blocked, id=16924, stack(0x000000e447600000,0x000000e447700000) (1024K)]
  0x0000020deecbfed0 JavaThread "WorkspaceEventsHandler"            [_thread_blocked, id=4484, stack(0x000000e447a00000,0x000000e447b00000) (1024K)]
  0x0000020deecc1280 JavaThread "pool-1-thread-1"                   [_thread_blocked, id=17780, stack(0x000000e447b00000,0x000000e447c00000) (1024K)]
  0x0000020def8a6880 JavaThread "Cleaner-0"                  daemon [_thread_blocked, id=9600, stack(0x000000e448400000,0x000000e448500000) (1024K)]
  0x0000020de7cae6e0 JavaThread "Java Debug Server"          daemon [_thread_in_native, id=25196, stack(0x000000e446600000,0x000000e446700000) (1024K)]
  0x0000020deecc0bf0 JavaThread "RxSchedulerPurge-1"         daemon [_thread_blocked, id=6204, stack(0x000000e446900000,0x000000e446a00000) (1024K)]
  0x0000020ded716140 JavaThread "RxCachedWorkerPoolEvictor-1" daemon [_thread_blocked, id=4084, stack(0x000000e446a00000,0x000000e446b00000) (1024K)]
  0x0000020df05d2ff0 JavaThread "Worker-243: Update project paperless-meeting"        [_thread_blocked, id=23136, stack(0x000000e448100000,0x000000e448200000) (1024K)]
  0x0000020dee6db570 JavaThread "ForkJoinPool.commonPool-worker-202" daemon [_thread_blocked, id=25372, stack(0x000000e446200000,0x000000e446300000) (1024K)]
  0x0000020dee6e0ac0 JavaThread "Compiler Source File Reader" daemon [_thread_blocked, id=10920, stack(0x000000e446c00000,0x000000e446d00000) (1024K)]
  0x0000020dee6e17e0 JavaThread "Compiler Source File Reader" daemon [_thread_blocked, id=23880, stack(0x000000e447700000,0x000000e447800000) (1024K)]
  0x0000020dee6dfda0 JavaThread "Compiler Source File Reader" daemon [_thread_blocked, id=4060, stack(0x000000e447800000,0x000000e447900000) (1024K)]
  0x0000020dee6e1e70 JavaThread "Compiler Source File Reader" daemon [_thread_blocked, id=18308, stack(0x000000e447900000,0x000000e447a00000) (1024K)]
  0x0000020dee6e2500 JavaThread "Compiler Source File Reader" daemon [_thread_blocked, id=12128, stack(0x000000e447c00000,0x000000e447d00000) (1024K)]
  0x0000020df05d3680 JavaThread "Compiler Source File Reader" daemon [_thread_blocked, id=7420, stack(0x000000e447d00000,0x000000e447e00000) (1024K)]
  0x0000020df05d15b0 JavaThread "Worker-251"                        [_thread_blocked, id=21024, stack(0x000000e448000000,0x000000e448100000) (1024K)]
  0x0000020df05d22d0 JavaThread "ForkJoinPool.commonPool-worker-204" daemon [_thread_blocked, id=13448, stack(0x000000e446500000,0x000000e446600000) (1024K)]
  0x0000020df05d2960 JavaThread "ForkJoinPool.commonPool-worker-205" daemon [_thread_blocked, id=27396, stack(0x000000e448300000,0x000000e448400000) (1024K)]
  0x0000020df05d1c40 JavaThread "ForkJoinPool.commonPool-worker-206" daemon [_thread_blocked, id=16112, stack(0x000000e444500000,0x000000e444600000) (1024K)]
  0x0000020df05d5750 JavaThread "ForkJoinPool.commonPool-worker-207" daemon [_thread_blocked, id=23232, stack(0x000000e444600000,0x000000e444700000) (1024K)]
  0x0000020df05d5de0 JavaThread "ForkJoinPool.commonPool-worker-208" daemon [_thread_blocked, id=27204, stack(0x000000e446800000,0x000000e446900000) (1024K)]
  0x0000020df05d7eb0 JavaThread "ForkJoinPool.commonPool-worker-209" daemon [_thread_blocked, id=26920, stack(0x000000e446b00000,0x000000e446c00000) (1024K)]
  0x0000020df05d4a30 JavaThread "Worker-255"                        [_thread_blocked, id=27560, stack(0x000000e447e00000,0x000000e447f00000) (1024K)]
  0x0000020df05d8540 JavaThread "Compiler Processing Task"   daemon [_thread_blocked, id=18876, stack(0x000000e448200000,0x000000e448300000) (1024K)]
  0x0000020ded714070 JavaThread "Worker-256"                        [_thread_blocked, id=9972, stack(0x000000e448500000,0x000000e448600000) (1024K)]
=>0x0000020dee24e1d0 JavaThread "C2 CompilerThread1"         daemon [_thread_in_native, id=15072, stack(0x000000e447f00000,0x000000e448000000) (1024K)]
Total: 55

Other Threads:
  0x0000020de61535f0 VMThread "VM Thread"                           [id=18908, stack(0x000000e444a00000,0x000000e444b00000) (1024K)]
  0x0000020dcf9fe6a0 WatcherThread "VM Periodic Task Thread"        [id=13196, stack(0x000000e444900000,0x000000e444a00000) (1024K)]
  0x0000020dcf9b0240 WorkerThread "GC Thread#0"                     [id=13556, stack(0x000000e444800000,0x000000e444900000) (1024K)]
  0x0000020de7d78f10 WorkerThread "GC Thread#1"                     [id=24748, stack(0x000000e445700000,0x000000e445800000) (1024K)]
  0x0000020de7d78b60 WorkerThread "GC Thread#2"                     [id=26684, stack(0x000000e445800000,0x000000e445900000) (1024K)]
  0x0000020de7d792c0 WorkerThread "GC Thread#3"                     [id=25376, stack(0x000000e445900000,0x000000e445a00000) (1024K)]
  0x0000020de7d79a20 WorkerThread "GC Thread#4"                     [id=26256, stack(0x000000e445a00000,0x000000e445b00000) (1024K)]
  0x0000020de7d79670 WorkerThread "GC Thread#5"                     [id=20864, stack(0x000000e445b00000,0x000000e445c00000) (1024K)]
  0x0000020de7d79dd0 WorkerThread "GC Thread#6"                     [id=18700, stack(0x000000e445c00000,0x000000e445d00000) (1024K)]
  0x0000020dec69d060 WorkerThread "GC Thread#7"                     [id=18208, stack(0x000000e445400000,0x000000e445500000) (1024K)]
Total: 10

Threads with active compile tasks:
C2 CompilerThread1  39171384 61087       4       java.lang.invoke.MethodType::makeImpl (109 bytes)
Total: 1

VM state: at safepoint (normal execution)

VM Mutex/Monitor currently owned by a thread:  ([mutex/lock_event])
[0x00007ffdc161e560] Threads_lock - owner thread: 0x0000020de61535f0
[0x00007ffdc161e660] Heap_lock - owner thread: 0x0000020df05d7eb0
[0x00007ffdc161eae0] PSOldGenExpand_lock - owner thread: 0x0000020de7d792c0

Heap address: 0x0000000080000000, size: 2048 MB, Compressed Oops mode: 32-bit

CDS archive(s) mapped at: [0x0000020d80000000-0x0000020d80ba0000-0x0000020d80ba0000), size 12189696, SharedBaseAddress: 0x0000020d80000000, ArchiveRelocationMode: 1.
Compressed class space mapped at: 0x0000020d81000000-0x0000020dc1000000, reserved size: 1073741824
Narrow klass base: 0x0000020d80000000, Narrow klass shift: 0, Narrow klass range: 0x100000000

GC Precious Log:
 CardTable entry size: 512
 CPUs: 8 total, 8 available
 Memory: 32506M
 Large Page Support: Disabled
 NUMA Support: Disabled
 Compressed Oops: Enabled (32-bit)
 Alignments: Space 512K, Generation 512K, Heap 2M
 Heap Min Capacity: 100M
 Heap Initial Capacity: 100M
 Heap Max Capacity: 2G
 Pre-touch: Disabled
 Parallel Workers: 8

Heap:
 PSYoungGen      total 50688K, used 49440K [0x00000000d5580000, 0x00000000d9080000, 0x0000000100000000)
  eden space 46080K, 100% used [0x00000000d5580000,0x00000000d8280000,0x00000000d8280000)
  from space 4608K, 72% used [0x00000000d8280000,0x00000000d85c80e0,0x00000000d8700000)
  to   space 3584K, 42% used [0x00000000d8d00000,0x00000000d8e80040,0x00000000d9080000)
 ParOldGen       total 748032K, used 748024K [0x0000000080000000, 0x00000000ada80000, 0x00000000d5580000)
  object space 748032K, 99% used [0x0000000080000000,0x00000000ada7e310,0x00000000ada80000)
 Metaspace       used 114263K, committed 116288K, reserved 1179648K
  class space    used 11107K, committed 12096K, reserved 1048576K

Card table byte_map: [0x0000020dcf240000,0x0000020dcf650000] _byte_map_base: 0x0000020dcee40000

Marking Bits: (ParMarkBitMap*) 0x00007ffdc1623450
 Begin Bits: [0x0000020de1b90000, 0x0000020de3b90000)
 End Bits:   [0x0000020de3b90000, 0x0000020de5b90000)

Polling page: 0x0000020dcd720000

Metaspace:

Usage:
  Non-class:    100.74 MB used.
      Class:     10.85 MB used.
       Both:    111.59 MB used.

Virtual space:
  Non-class space:      128.00 MB reserved,     101.75 MB ( 79%) committed,  2 nodes.
      Class space:        1.00 GB reserved,      11.81 MB (  1%) committed,  1 nodes.
             Both:        1.12 GB reserved,     113.56 MB ( 10%) committed. 

Chunk freelists:
   Non-Class:  10.19 MB
       Class:  4.20 MB
        Both:  14.39 MB

MaxMetaspaceSize: unlimited
CompressedClassSpaceSize: 1.00 GB
Initial GC threshold: 21.00 MB
Current GC threshold: 188.88 MB
CDS: on
 - commit_granule_bytes: 65536.
 - commit_granule_words: 8192.
 - virtual_space_node_default_size: 8388608.
 - enlarge_chunks_in_place: 1.
 - use_allocation_guard: 0.


Internal statistics:

num_allocs_failed_limit: 9.
num_arena_births: 3198.
num_arena_deaths: 1184.
num_vsnodes_births: 3.
num_vsnodes_deaths: 0.
num_space_committed: 1816.
num_space_uncommitted: 0.
num_chunks_returned_to_freelist: 1539.
num_chunks_taken_from_freelist: 9803.
num_chunk_merges: 454.
num_chunk_splits: 5340.
num_chunks_enlarged: 2699.
num_inconsistent_stats: 0.

CodeHeap 'non-profiled nmethods': size=120000Kb used=34390Kb max_used=37814Kb free=85609Kb
 bounds [0x0000020dda660000, 0x0000020ddcb50000, 0x0000020de1b90000]
CodeHeap 'profiled nmethods': size=120000Kb used=28112Kb max_used=48663Kb free=91887Kb
 bounds [0x0000020dd2b90000, 0x0000020dd5b20000, 0x0000020dda0c0000]
CodeHeap 'non-nmethods': size=5760Kb used=1600Kb max_used=1699Kb free=4160Kb
 bounds [0x0000020dda0c0000, 0x0000020dda330000, 0x0000020dda660000]
CodeCache: size=245760Kb, used=64102Kb, max_used=88176Kb, free=181656Kb
 total_blobs=15573, nmethods=14660, adapters=813, full_count=0
Compilation: enabled, stopped_count=0, restarted_count=0

Compilation events (20 events):
Event: 39170.278 Thread 0x0000020de6161430 61121       4       org.apache.maven.model.io.xpp3.MavenXpp3Reader::interpolatedTrimmed (16 bytes)
Event: 39170.279 Thread 0x0000020de7b800b0 61124       2       org.apache.maven.model.io.xpp3.MavenXpp3Reader::nextTag (64 bytes)
Event: 39170.280 Thread 0x0000020de7b800b0 nmethod 61124 0x0000020dd59bbb10 code [0x0000020dd59bbd40, 0x0000020dd59bc200]
Event: 39170.282 Thread 0x0000020de7b800b0 61126       3       com.google.common.collect.AbstractMapBasedMultimap$WrappedSet::<init> (14 bytes)
Event: 39170.283 Thread 0x0000020de7b800b0 nmethod 61126 0x0000020dd434d590 code [0x0000020dd434d740, 0x0000020dd434d8a0]
Event: 39170.283 Thread 0x0000020de7b800b0 61127       3       com.google.common.collect.Hashing::closedTableSize (37 bytes)
Event: 39170.283 Thread 0x0000020de7b800b0 nmethod 61127 0x0000020dd434cf90 code [0x0000020dd434d160, 0x0000020dd434d480]
Event: 39170.283 Thread 0x0000020de7b800b0 61128       3       com.google.common.collect.LinkedHashMultimap$ValueSet::<init> (45 bytes)
Event: 39170.283 Thread 0x0000020de7b800b0 nmethod 61128 0x0000020dd434c890 code [0x0000020dd434ca80, 0x0000020dd434ce30]
Event: 39170.283 Thread 0x0000020de7b800b0 61129       3       com.google.common.collect.AbstractSetMultimap::createUnmodifiableEmptyCollection (5 bytes)
Event: 39170.283 Thread 0x0000020de7b800b0 nmethod 61129 0x0000020dd434c390 code [0x0000020dd434c540, 0x0000020dd434c788]
Event: 39170.283 Thread 0x0000020de7b800b0 61130       3       com.google.common.collect.AbstractSetMultimap::createUnmodifiableEmptyCollection (4 bytes)
Event: 39170.283 Thread 0x0000020de7b800b0 nmethod 61130 0x0000020dd434bf90 code [0x0000020dd434c140, 0x0000020dd434c2b0]
Event: 39170.286 Thread 0x0000020de6161430 nmethod 61121 0x0000020ddacd2390 code [0x0000020ddacd2560, 0x0000020ddacd2ce8]
Event: 39170.286 Thread 0x0000020de6161430 61122       4       org.apache.maven.model.io.xpp3.MavenXpp3Reader$1::transform (2 bytes)
Event: 39170.287 Thread 0x0000020de6161430 nmethod 61122 0x0000020ddc774d10 code [0x0000020ddc774ea0, 0x0000020ddc774f28]
Event: 39170.287 Thread 0x0000020de6161430 61125       4       com.google.common.collect.AbstractMapBasedMultimap::get (31 bytes)
Event: 39170.304 Thread 0x0000020de6161430 nmethod 61125 0x0000020ddbdf8c90 code [0x0000020ddbdf8f40, 0x0000020ddbdf9e08]
Event: 39170.305 Thread 0x0000020de6161430 61123       4       org.apache.maven.model.io.xpp3.MavenXpp3Reader::getTrimmedValue (11 bytes)
Event: 39170.313 Thread 0x0000020de6161430 nmethod 61123 0x0000020ddc668f10 code [0x0000020ddc6690e0, 0x0000020ddc6697d8]

GC Heap History (20 events):
Event: 39169.145 GC heap after
{Heap after GC invocations=66818 (full 126):
 PSYoungGen      total 30720K, used 1683K [0x00000000d5580000, 0x00000000d7780000, 0x0000000100000000)
  eden space 26624K, 0% used [0x00000000d5580000,0x00000000d5580000,0x00000000d6f80000)
  from space 4096K, 41% used [0x00000000d7200000,0x00000000d73a4d08,0x00000000d7600000)
  to   space 2560K, 0% used [0x00000000d6f80000,0x00000000d6f80000,0x00000000d7200000)
 ParOldGen       total 721920K, used 721535K [0x0000000080000000, 0x00000000ac100000, 0x00000000d5580000)
  object space 721920K, 99% used [0x0000000080000000,0x00000000ac09fe80,0x00000000ac100000)
 Metaspace       used 114224K, committed 116288K, reserved 1179648K
  class space    used 11098K, committed 12096K, reserved 1048576K
}
Event: 39169.156 GC heap before
{Heap before GC invocations=66819 (full 126):
 PSYoungGen      total 30720K, used 28307K [0x00000000d5580000, 0x00000000d7780000, 0x0000000100000000)
  eden space 26624K, 100% used [0x00000000d5580000,0x00000000d6f80000,0x00000000d6f80000)
  from space 4096K, 41% used [0x00000000d7200000,0x00000000d73a4d08,0x00000000d7600000)
  to   space 2560K, 0% used [0x00000000d6f80000,0x00000000d6f80000,0x00000000d7200000)
 ParOldGen       total 721920K, used 721535K [0x0000000080000000, 0x00000000ac100000, 0x00000000d5580000)
  object space 721920K, 99% used [0x0000000080000000,0x00000000ac09fe80,0x00000000ac100000)
 Metaspace       used 114224K, committed 116288K, reserved 1179648K
  class space    used 11098K, committed 12096K, reserved 1048576K
}
Event: 39169.160 GC heap after
{Heap after GC invocations=66819 (full 126):
 PSYoungGen      total 29184K, used 2274K [0x00000000d5580000, 0x00000000d7a00000, 0x0000000100000000)
  eden space 26624K, 0% used [0x00000000d5580000,0x00000000d5580000,0x00000000d6f80000)
  from space 2560K, 88% used [0x00000000d6f80000,0x00000000d71b8b10,0x00000000d7200000)
  to   space 2560K, 0% used [0x00000000d7780000,0x00000000d7780000,0x00000000d7a00000)
 ParOldGen       total 724480K, used 724452K [0x0000000080000000, 0x00000000ac380000, 0x00000000d5580000)
  object space 724480K, 99% used [0x0000000080000000,0x00000000ac3791c8,0x00000000ac380000)
 Metaspace       used 114224K, committed 116288K, reserved 1179648K
  class space    used 11098K, committed 12096K, reserved 1048576K
}
Event: 39169.170 GC heap before
{Heap before GC invocations=66820 (full 126):
 PSYoungGen      total 29184K, used 28898K [0x00000000d5580000, 0x00000000d7a00000, 0x0000000100000000)
  eden space 26624K, 100% used [0x00000000d5580000,0x00000000d6f80000,0x00000000d6f80000)
  from space 2560K, 88% used [0x00000000d6f80000,0x00000000d71b8b10,0x00000000d7200000)
  to   space 2560K, 0% used [0x00000000d7780000,0x00000000d7780000,0x00000000d7a00000)
 ParOldGen       total 724480K, used 724452K [0x0000000080000000, 0x00000000ac380000, 0x00000000d5580000)
  object space 724480K, 99% used [0x0000000080000000,0x00000000ac3791c8,0x00000000ac380000)
 Metaspace       used 114224K, committed 116288K, reserved 1179648K
  class space    used 11098K, committed 12096K, reserved 1048576K
}
Event: 39169.174 GC heap after
{Heap after GC invocations=66820 (full 126):
 PSYoungGen      total 30208K, used 2529K [0x00000000d5580000, 0x00000000d8300000, 0x0000000100000000)
  eden space 27648K, 0% used [0x00000000d5580000,0x00000000d5580000,0x00000000d7080000)
  from space 2560K, 98% used [0x00000000d7780000,0x00000000d79f8608,0x00000000d7a00000)
  to   space 7168K, 0% used [0x00000000d7080000,0x00000000d7080000,0x00000000d7780000)
 ParOldGen       total 728576K, used 728100K [0x0000000080000000, 0x00000000ac780000, 0x00000000d5580000)
  object space 728576K, 99% used [0x0000000080000000,0x00000000ac709240,0x00000000ac780000)
 Metaspace       used 114224K, committed 116288K, reserved 1179648K
  class space    used 11098K, committed 12096K, reserved 1048576K
}
Event: 39169.182 GC heap before
{Heap before GC invocations=66821 (full 126):
 PSYoungGen      total 30208K, used 29169K [0x00000000d5580000, 0x00000000d8300000, 0x0000000100000000)
  eden space 27648K, 96% used [0x00000000d5580000,0x00000000d6f83f20,0x00000000d7080000)
  from space 2560K, 98% used [0x00000000d7780000,0x00000000d79f8608,0x00000000d7a00000)
  to   space 7168K, 0% used [0x00000000d7080000,0x00000000d7080000,0x00000000d7780000)
 ParOldGen       total 728576K, used 728100K [0x0000000080000000, 0x00000000ac780000, 0x00000000d5580000)
  object space 728576K, 99% used [0x0000000080000000,0x00000000ac709240,0x00000000ac780000)
 Metaspace       used 114224K, committed 116288K, reserved 1179648K
  class space    used 11098K, committed 12096K, reserved 1048576K
}
Event: 39170.191 GC heap after
{Heap after GC invocations=66821 (full 126):
 PSYoungGen      total 34816K, used 1760K [0x00000000d5580000, 0x00000000d7d00000, 0x0000000100000000)
  eden space 27648K, 0% used [0x00000000d5580000,0x00000000d5580000,0x00000000d7080000)
  from space 7168K, 24% used [0x00000000d7080000,0x00000000d7238080,0x00000000d7780000)
  to   space 3584K, 0% used [0x00000000d7980000,0x00000000d7980000,0x00000000d7d00000)
 ParOldGen       total 730112K, used 730023K [0x0000000080000000, 0x00000000ac900000, 0x00000000d5580000)
  object space 730112K, 99% used [0x0000000080000000,0x00000000ac8e9d50,0x00000000ac900000)
 Metaspace       used 114224K, committed 116288K, reserved 1179648K
  class space    used 11098K, committed 12096K, reserved 1048576K
}
Event: 39170.198 GC heap before
{Heap before GC invocations=66822 (full 126):
 PSYoungGen      total 34816K, used 29408K [0x00000000d5580000, 0x00000000d7d00000, 0x0000000100000000)
  eden space 27648K, 100% used [0x00000000d5580000,0x00000000d7080000,0x00000000d7080000)
  from space 7168K, 24% used [0x00000000d7080000,0x00000000d7238080,0x00000000d7780000)
  to   space 3584K, 0% used [0x00000000d7980000,0x00000000d7980000,0x00000000d7d00000)
 ParOldGen       total 730112K, used 730023K [0x0000000080000000, 0x00000000ac900000, 0x00000000d5580000)
  object space 730112K, 99% used [0x0000000080000000,0x00000000ac8e9d50,0x00000000ac900000)
 Metaspace       used 114224K, committed 116288K, reserved 1179648K
  class space    used 11098K, committed 12096K, reserved 1048576K
}
Event: 39170.201 GC heap after
{Heap after GC invocations=66822 (full 126):
 PSYoungGen      total 33792K, used 3553K [0x00000000d5580000, 0x00000000d8300000, 0x0000000100000000)
  eden space 30208K, 0% used [0x00000000d5580000,0x00000000d5580000,0x00000000d7300000)
  from space 3584K, 99% used [0x00000000d7980000,0x00000000d7cf8768,0x00000000d7d00000)
  to   space 6656K, 0% used [0x00000000d7300000,0x00000000d7300000,0x00000000d7980000)
 ParOldGen       total 732672K, used 732317K [0x0000000080000000, 0x00000000acb80000, 0x00000000d5580000)
  object space 732672K, 99% used [0x0000000080000000,0x00000000acb276f8,0x00000000acb80000)
 Metaspace       used 114224K, committed 116288K, reserved 1179648K
  class space    used 11098K, committed 12096K, reserved 1048576K
}
Event: 39170.212 GC heap before
{Heap before GC invocations=66823 (full 126):
 PSYoungGen      total 33792K, used 33732K [0x00000000d5580000, 0x00000000d8300000, 0x0000000100000000)
  eden space 30208K, 99% used [0x00000000d5580000,0x00000000d72f89f0,0x00000000d7300000)
  from space 3584K, 99% used [0x00000000d7980000,0x00000000d7cf8768,0x00000000d7d00000)
  to   space 6656K, 0% used [0x00000000d7300000,0x00000000d7300000,0x00000000d7980000)
 ParOldGen       total 732672K, used 732317K [0x0000000080000000, 0x00000000acb80000, 0x00000000d5580000)
  object space 732672K, 99% used [0x0000000080000000,0x00000000acb276f8,0x00000000acb80000)
 Metaspace       used 114229K, committed 116288K, reserved 1179648K
  class space    used 11100K, committed 12096K, reserved 1048576K
}
Event: 39170.215 GC heap after
{Heap after GC invocations=66823 (full 126):
 PSYoungGen      total 36864K, used 3504K [0x00000000d5580000, 0x00000000d8200000, 0x0000000100000000)
  eden space 30208K, 0% used [0x00000000d5580000,0x00000000d5580000,0x00000000d7300000)
  from space 6656K, 52% used [0x00000000d7300000,0x00000000d766c030,0x00000000d7980000)
  to   space 4608K, 0% used [0x00000000d7d80000,0x00000000d7d80000,0x00000000d8200000)
 ParOldGen       total 734720K, used 734249K [0x0000000080000000, 0x00000000acd80000, 0x00000000d5580000)
  object space 734720K, 99% used [0x0000000080000000,0x00000000acd0a608,0x00000000acd80000)
 Metaspace       used 114229K, committed 116288K, reserved 1179648K
  class space    used 11100K, committed 12096K, reserved 1048576K
}
Event: 39170.229 GC heap before
{Heap before GC invocations=66824 (full 126):
 PSYoungGen      total 36864K, used 33712K [0x00000000d5580000, 0x00000000d8200000, 0x0000000100000000)
  eden space 30208K, 100% used [0x00000000d5580000,0x00000000d7300000,0x00000000d7300000)
  from space 6656K, 52% used [0x00000000d7300000,0x00000000d766c030,0x00000000d7980000)
  to   space 4608K, 0% used [0x00000000d7d80000,0x00000000d7d80000,0x00000000d8200000)
 ParOldGen       total 734720K, used 734249K [0x0000000080000000, 0x00000000acd80000, 0x00000000d5580000)
  object space 734720K, 99% used [0x0000000080000000,0x00000000acd0a608,0x00000000acd80000)
 Metaspace       used 114262K, committed 116288K, reserved 1179648K
  class space    used 11107K, committed 12096K, reserved 1048576K
}
Event: 39170.233 GC heap after
{Heap after GC invocations=66824 (full 126):
 PSYoungGen      total 39936K, used 3492K [0x00000000d5580000, 0x00000000d8100000, 0x0000000100000000)
  eden space 36352K, 0% used [0x00000000d5580000,0x00000000d5580000,0x00000000d7900000)
  from space 3584K, 97% used [0x00000000d7d80000,0x00000000d80e9270,0x00000000d8100000)
  to   space 4096K, 0% used [0x00000000d7900000,0x00000000d7900000,0x00000000d7d00000)
 ParOldGen       total 737792K, used 737482K [0x0000000080000000, 0x00000000ad080000, 0x00000000d5580000)
  object space 737792K, 99% used [0x0000000080000000,0x00000000ad032bc0,0x00000000ad080000)
 Metaspace       used 114262K, committed 116288K, reserved 1179648K
  class space    used 11107K, committed 12096K, reserved 1048576K
}
Event: 39170.250 GC heap before
{Heap before GC invocations=66825 (full 126):
 PSYoungGen      total 39936K, used 39844K [0x00000000d5580000, 0x00000000d8100000, 0x0000000100000000)
  eden space 36352K, 100% used [0x00000000d5580000,0x00000000d7900000,0x00000000d7900000)
  from space 3584K, 97% used [0x00000000d7d80000,0x00000000d80e9270,0x00000000d8100000)
  to   space 4096K, 0% used [0x00000000d7900000,0x00000000d7900000,0x00000000d7d00000)
 ParOldGen       total 737792K, used 737482K [0x0000000080000000, 0x00000000ad080000, 0x00000000d5580000)
  object space 737792K, 99% used [0x0000000080000000,0x00000000ad032bc0,0x00000000ad080000)
 Metaspace       used 114263K, committed 116288K, reserved 1179648K
  class space    used 11107K, committed 12096K, reserved 1048576K
}
Event: 39170.256 GC heap after
{Heap after GC invocations=66825 (full 126):
 PSYoungGen      total 40448K, used 4064K [0x00000000d5580000, 0x00000000d9080000, 0x0000000100000000)
  eden space 36352K, 0% used [0x00000000d5580000,0x00000000d5580000,0x00000000d7900000)
  from space 4096K, 99% used [0x00000000d7900000,0x00000000d7cf8288,0x00000000d7d00000)
  to   space 8192K, 0% used [0x00000000d8880000,0x00000000d8880000,0x00000000d9080000)
 ParOldGen       total 740864K, used 740767K [0x0000000080000000, 0x00000000ad380000, 0x00000000d5580000)
  object space 740864K, 99% used [0x0000000080000000,0x00000000ad367ee0,0x00000000ad380000)
 Metaspace       used 114263K, committed 116288K, reserved 1179648K
  class space    used 11107K, committed 12096K, reserved 1048576K
}
Event: 39170.268 GC heap before
{Heap before GC invocations=66826 (full 126):
 PSYoungGen      total 40448K, used 40416K [0x00000000d5580000, 0x00000000d9080000, 0x0000000100000000)
  eden space 36352K, 100% used [0x00000000d5580000,0x00000000d7900000,0x00000000d7900000)
  from space 4096K, 99% used [0x00000000d7900000,0x00000000d7cf8288,0x00000000d7d00000)
  to   space 8192K, 0% used [0x00000000d8880000,0x00000000d8880000,0x00000000d9080000)
 ParOldGen       total 740864K, used 740767K [0x0000000080000000, 0x00000000ad380000, 0x00000000d5580000)
  object space 740864K, 99% used [0x0000000080000000,0x00000000ad367ee0,0x00000000ad380000)
 Metaspace       used 114263K, committed 116288K, reserved 1179648K
  class space    used 11107K, committed 12096K, reserved 1048576K
}
Event: 39170.274 GC heap after
{Heap after GC invocations=66826 (full 126):
 PSYoungGen      total 47104K, used 2816K [0x00000000d5580000, 0x00000000d8b80000, 0x0000000100000000)
  eden space 44032K, 0% used [0x00000000d5580000,0x00000000d5580000,0x00000000d8080000)
  from space 3072K, 91% used [0x00000000d8880000,0x00000000d8b400a0,0x00000000d8b80000)
  to   space 4608K, 0% used [0x00000000d8280000,0x00000000d8280000,0x00000000d8700000)
 ParOldGen       total 744960K, used 744633K [0x0000000080000000, 0x00000000ad780000, 0x00000000d5580000)
  object space 744960K, 99% used [0x0000000080000000,0x00000000ad72e6c0,0x00000000ad780000)
 Metaspace       used 114263K, committed 116288K, reserved 1179648K
  class space    used 11107K, committed 12096K, reserved 1048576K
}
Event: 39170.297 GC heap before
{Heap before GC invocations=66827 (full 126):
 PSYoungGen      total 47104K, used 46848K [0x00000000d5580000, 0x00000000d8b80000, 0x0000000100000000)
  eden space 44032K, 100% used [0x00000000d5580000,0x00000000d8080000,0x00000000d8080000)
  from space 3072K, 91% used [0x00000000d8880000,0x00000000d8b400a0,0x00000000d8b80000)
  to   space 4608K, 0% used [0x00000000d8280000,0x00000000d8280000,0x00000000d8700000)
 ParOldGen       total 744960K, used 744633K [0x0000000080000000, 0x00000000ad780000, 0x00000000d5580000)
  object space 744960K, 99% used [0x0000000080000000,0x00000000ad72e6c0,0x00000000ad780000)
 Metaspace       used 114263K, committed 116288K, reserved 1179648K
  class space    used 11107K, committed 12096K, reserved 1048576K
}
Event: 39170.302 GC heap after
{Heap after GC invocations=66827 (full 126):
 PSYoungGen      total 50688K, used 3360K [0x00000000d5580000, 0x00000000d9080000, 0x0000000100000000)
  eden space 46080K, 0% used [0x00000000d5580000,0x00000000d5580000,0x00000000d8280000)
  from space 4608K, 72% used [0x00000000d8280000,0x00000000d85c80e0,0x00000000d8700000)
  to   space 3584K, 0% used [0x00000000d8d00000,0x00000000d8d00000,0x00000000d9080000)
 ParOldGen       total 747520K, used 747193K [0x0000000080000000, 0x00000000ada00000, 0x00000000d5580000)
  object space 747520K, 99% used [0x0000000080000000,0x00000000ad9ae560,0x00000000ada00000)
 Metaspace       used 114263K, committed 116288K, reserved 1179648K
  class space    used 11107K, committed 12096K, reserved 1048576K
}
Event: 39170.322 GC heap before
{Heap before GC invocations=66828 (full 126):
 PSYoungGen      total 50688K, used 49440K [0x00000000d5580000, 0x00000000d9080000, 0x0000000100000000)
  eden space 46080K, 100% used [0x00000000d5580000,0x00000000d8280000,0x00000000d8280000)
  from space 4608K, 72% used [0x00000000d8280000,0x00000000d85c80e0,0x00000000d8700000)
  to   space 3584K, 0% used [0x00000000d8d00000,0x00000000d8d00000,0x00000000d9080000)
 ParOldGen       total 747520K, used 747193K [0x0000000080000000, 0x00000000ada00000, 0x00000000d5580000)
  object space 747520K, 99% used [0x0000000080000000,0x00000000ad9ae560,0x00000000ada00000)
 Metaspace       used 114263K, committed 116288K, reserved 1179648K
  class space    used 11107K, committed 12096K, reserved 1048576K
}

Dll operation events (12 events):
Event: 0.022 Loaded shared library c:\Users\ADMIN\.antigravity\extensions\redhat.java-1.54.0-win32-x64\jre\21.0.10-win32-x86_64\bin\java.dll
Event: 0.150 Loaded shared library c:\Users\ADMIN\.antigravity\extensions\redhat.java-1.54.0-win32-x64\jre\21.0.10-win32-x86_64\bin\zip.dll
Event: 0.197 Loaded shared library C:\Users\ADMIN\.antigravity\extensions\redhat.java-1.54.0-win32-x64\jre\21.0.10-win32-x86_64\bin\instrument.dll
Event: 0.207 Loaded shared library C:\Users\ADMIN\.antigravity\extensions\redhat.java-1.54.0-win32-x64\jre\21.0.10-win32-x86_64\bin\net.dll
Event: 0.210 Loaded shared library C:\Users\ADMIN\.antigravity\extensions\redhat.java-1.54.0-win32-x64\jre\21.0.10-win32-x86_64\bin\nio.dll
Event: 0.214 Loaded shared library C:\Users\ADMIN\.antigravity\extensions\redhat.java-1.54.0-win32-x64\jre\21.0.10-win32-x86_64\bin\zip.dll
Event: 0.250 Loaded shared library C:\Users\ADMIN\.antigravity\extensions\redhat.java-1.54.0-win32-x64\jre\21.0.10-win32-x86_64\bin\jimage.dll
Event: 0.361 Loaded shared library c:\Users\ADMIN\.antigravity\extensions\redhat.java-1.54.0-win32-x64\jre\21.0.10-win32-x86_64\bin\verify.dll
Event: 13.875 Loaded shared library C:\Users\ADMIN\AppData\Roaming\Antigravity\User\globalStorage\redhat.java\1.54.0\config_win\org.eclipse.equinox.launcher\org.eclipse.equinox.launcher.win32.win32.x86_64_1.3.0.v20260203-2149\eclipse_11919.dll
Event: 30.160 Loaded shared library C:\Users\ADMIN\AppData\Local\Temp\jna-62130991\jna1357245818676736426.dll
Event: 32.125 Loaded shared library C:\Users\ADMIN\.antigravity\extensions\redhat.java-1.54.0-win32-x64\jre\21.0.10-win32-x86_64\bin\sunmscapi.dll
Event: 32.454 Loaded shared library C:\Users\ADMIN\.antigravity\extensions\redhat.java-1.54.0-win32-x64\jre\21.0.10-win32-x86_64\bin\extnet.dll

Deoptimization events (20 events):
Event: 39169.142 Thread 0x0000020df05d2ff0 Uncommon trap: trap_request=0xffffff45 fr.pc=0x0000020ddba4d4d0 relative=0x0000000000001810
Event: 39169.142 Thread 0x0000020df05d2ff0 Uncommon trap: reason=unstable_if action=reinterpret pc=0x0000020ddba4d4d0 method=java.util.zip.ZipFile$CleanableResource.run()V @ 78 c2
Event: 39169.142 Thread 0x0000020df05d2ff0 DEOPT PACKING pc=0x0000020ddba4d4d0 sp=0x000000e4481fdaa0
Event: 39169.142 Thread 0x0000020df05d2ff0 DEOPT UNPACKING pc=0x0000020dda116da2 sp=0x000000e4481fdaa0 mode 2
Event: 39170.215 Thread 0x0000020df05d2ff0 Uncommon trap: trap_request=0xffffff76 fr.pc=0x0000020ddb5132c0 relative=0x0000000000000340
Event: 39170.215 Thread 0x0000020df05d2ff0 Uncommon trap: reason=predicate action=maybe_recompile pc=0x0000020ddb5132c0 method=java.util.AbstractList$RandomAccessSpliterator.forEachRemaining(Ljava/util/function/Consumer;)V @ 29 c2
Event: 39170.216 Thread 0x0000020df05d2ff0 DEOPT PACKING pc=0x0000020ddb5132c0 sp=0x000000e4481fdbf0
Event: 39170.216 Thread 0x0000020df05d2ff0 DEOPT UNPACKING pc=0x0000020dda116da2 sp=0x000000e4481fdb90 mode 2
Event: 39170.239 Thread 0x0000020df05d2ff0 Uncommon trap: trap_request=0xffffffc6 fr.pc=0x0000020ddbb4e1d4 relative=0x0000000000001794
Event: 39170.239 Thread 0x0000020df05d2ff0 Uncommon trap: reason=bimorphic_or_optimized_type_check action=maybe_recompile pc=0x0000020ddbb4e1d4 method=org.eclipse.aether.DefaultRepositorySystemSession.copySafe(Ljava/util/Map;Ljava/lang/Class;)Ljava/util/Map; @ 5 c2
Event: 39170.239 Thread 0x0000020df05d2ff0 DEOPT PACKING pc=0x0000020ddbb4e1d4 sp=0x000000e4481fcf10
Event: 39170.239 Thread 0x0000020df05d2ff0 DEOPT UNPACKING pc=0x0000020dda116da2 sp=0x000000e4481fcef8 mode 2
Event: 39170.241 Thread 0x0000020df05d2ff0 Uncommon trap: trap_request=0xffffffc6 fr.pc=0x0000020ddbb4e1d4 relative=0x0000000000001794
Event: 39170.241 Thread 0x0000020df05d2ff0 Uncommon trap: reason=bimorphic_or_optimized_type_check action=maybe_recompile pc=0x0000020ddbb4e1d4 method=org.eclipse.aether.DefaultRepositorySystemSession.copySafe(Ljava/util/Map;Ljava/lang/Class;)Ljava/util/Map; @ 5 c2
Event: 39170.241 Thread 0x0000020df05d2ff0 DEOPT PACKING pc=0x0000020ddbb4e1d4 sp=0x000000e4481fcf10
Event: 39170.241 Thread 0x0000020df05d2ff0 DEOPT UNPACKING pc=0x0000020dda116da2 sp=0x000000e4481fcef8 mode 2
Event: 39170.241 Thread 0x0000020df05d2ff0 Uncommon trap: trap_request=0xffffffc6 fr.pc=0x0000020ddbb4e1d4 relative=0x0000000000001794
Event: 39170.241 Thread 0x0000020df05d2ff0 Uncommon trap: reason=bimorphic_or_optimized_type_check action=maybe_recompile pc=0x0000020ddbb4e1d4 method=org.eclipse.aether.DefaultRepositorySystemSession.copySafe(Ljava/util/Map;Ljava/lang/Class;)Ljava/util/Map; @ 5 c2
Event: 39170.241 Thread 0x0000020df05d2ff0 DEOPT PACKING pc=0x0000020ddbb4e1d4 sp=0x000000e4481fcf10
Event: 39170.241 Thread 0x0000020df05d2ff0 DEOPT UNPACKING pc=0x0000020dda116da2 sp=0x000000e4481fcef8 mode 2

Classes loaded (20 events):
Event: 38974.659 Loading class jdk/internal/module/IllegalAccessLogger
Event: 38974.659 Loading class jdk/internal/module/IllegalAccessLogger done
Event: 38974.953 Loading class jdk/internal/module/IllegalAccessLogger
Event: 38974.953 Loading class jdk/internal/module/IllegalAccessLogger done
Event: 38985.069 Loading class jdk/internal/module/IllegalAccessLogger
Event: 38985.069 Loading class jdk/internal/module/IllegalAccessLogger done
Event: 38987.988 Loading class jdk/internal/module/IllegalAccessLogger
Event: 38987.988 Loading class jdk/internal/module/IllegalAccessLogger done
Event: 38993.304 Loading class jdk/internal/module/IllegalAccessLogger
Event: 38993.304 Loading class jdk/internal/module/IllegalAccessLogger done
Event: 38999.542 Loading class jdk/internal/module/IllegalAccessLogger
Event: 38999.542 Loading class jdk/internal/module/IllegalAccessLogger done
Event: 39004.671 Loading class jdk/internal/module/IllegalAccessLogger
Event: 39004.671 Loading class jdk/internal/module/IllegalAccessLogger done
Event: 39011.647 Loading class jdk/internal/module/IllegalAccessLogger
Event: 39011.647 Loading class jdk/internal/module/IllegalAccessLogger done
Event: 39020.728 Loading class jdk/internal/module/IllegalAccessLogger
Event: 39020.728 Loading class jdk/internal/module/IllegalAccessLogger done
Event: 39161.716 Loading class jdk/internal/module/IllegalAccessLogger
Event: 39161.716 Loading class jdk/internal/module/IllegalAccessLogger done

Classes unloaded (20 events):
Event: 38984.702 Thread 0x0000020de61535f0 Unloading class 0x0000020d81014800 'java/lang/invoke/LambdaForm$MH+0x0000020d81014800'
Event: 38984.702 Thread 0x0000020de61535f0 Unloading class 0x0000020d81000400 'java/lang/invoke/LambdaForm$MH+0x0000020d81000400'
Event: 38984.702 Thread 0x0000020de61535f0 Unloading class 0x0000020d818a1400 'jdk/internal/reflect/GeneratedSerializationConstructorAccessor128'
Event: 38984.702 Thread 0x0000020de61535f0 Unloading class 0x0000020d819a8800 'jdk/internal/reflect/GeneratedSerializationConstructorAccessor127'
Event: 38984.702 Thread 0x0000020de61535f0 Unloading class 0x0000020d81a04800 'jdk/internal/reflect/GeneratedSerializationConstructorAccessor126'
Event: 38984.702 Thread 0x0000020de61535f0 Unloading class 0x0000020d81b9f800 'jdk/internal/reflect/GeneratedSerializationConstructorAccessor125'
Event: 38984.702 Thread 0x0000020de61535f0 Unloading class 0x0000020d81baa400 'jdk/internal/reflect/GeneratedSerializationConstructorAccessor124'
Event: 38984.702 Thread 0x0000020de61535f0 Unloading class 0x0000020d81bab800 'jdk/internal/reflect/GeneratedSerializationConstructorAccessor123'
Event: 38984.702 Thread 0x0000020de61535f0 Unloading class 0x0000020d81b82c00 'jdk/internal/reflect/GeneratedSerializationConstructorAccessor122'
Event: 38984.702 Thread 0x0000020de61535f0 Unloading class 0x0000020d81818c00 'jdk/internal/reflect/GeneratedSerializationConstructorAccessor121'
Event: 38984.702 Thread 0x0000020de61535f0 Unloading class 0x0000020d81821800 'jdk/internal/reflect/GeneratedSerializationConstructorAccessor120'
Event: 38984.702 Thread 0x0000020de61535f0 Unloading class 0x0000020d81822000 'jdk/internal/reflect/GeneratedSerializationConstructorAccessor119'
Event: 38984.702 Thread 0x0000020de61535f0 Unloading class 0x0000020d81822c00 'jdk/internal/reflect/GeneratedSerializationConstructorAccessor118'
Event: 38984.702 Thread 0x0000020de61535f0 Unloading class 0x0000020d81823c00 'jdk/internal/reflect/GeneratedSerializationConstructorAccessor117'
Event: 38984.702 Thread 0x0000020de61535f0 Unloading class 0x0000020d81b5d800 'java/lang/invoke/LambdaForm$MH+0x0000020d81b5d800'
Event: 38984.702 Thread 0x0000020de61535f0 Unloading class 0x0000020d81b97400 'java/lang/invoke/LambdaForm$MH+0x0000020d81b97400'
Event: 38984.702 Thread 0x0000020de61535f0 Unloading class 0x0000020d812a1400 'java/lang/invoke/LambdaForm$BMH+0x0000020d812a1400'
Event: 39160.217 Thread 0x0000020de61535f0 Unloading class 0x0000020d81295800 'java/lang/invoke/LambdaForm$MH+0x0000020d81295800'
Event: 39160.217 Thread 0x0000020de61535f0 Unloading class 0x0000020d811a2800 'java/lang/invoke/LambdaForm$BMH+0x0000020d811a2800'
Event: 39160.217 Thread 0x0000020de61535f0 Unloading class 0x0000020d81594800 'java/lang/invoke/LambdaForm$MH+0x0000020d81594800'

Classes redefined (0 events):
No events

Internal exceptions (20 events):
Event: 38985.222 Thread 0x0000020de7cafa90 Exception <a 'sun/nio/fs/WindowsException'{0x00000000d56b9818}> (0x00000000d56b9818) 
thrown [s\src\hotspot\share\prims\jni.cpp, line 520]
Event: 38987.833 Thread 0x0000020de7cafa90 Exception <a 'sun/nio/fs/WindowsException'{0x00000000d5f69d88}> (0x00000000d5f69d88) 
thrown [s\src\hotspot\share\prims\jni.cpp, line 520]
Event: 38988.168 Thread 0x0000020de7cafa90 Exception <a 'sun/nio/fs/WindowsException'{0x00000000d582f348}> (0x00000000d582f348) 
thrown [s\src\hotspot\share\prims\jni.cpp, line 520]
Event: 38993.151 Thread 0x0000020de7cafa90 Exception <a 'sun/nio/fs/WindowsException'{0x00000000d5a36808}> (0x00000000d5a36808) 
thrown [s\src\hotspot\share\prims\jni.cpp, line 520]
Event: 38993.501 Thread 0x0000020de7cafa90 Exception <a 'sun/nio/fs/WindowsException'{0x00000000d5602a20}> (0x00000000d5602a20) 
thrown [s\src\hotspot\share\prims\jni.cpp, line 520]
Event: 38999.383 Thread 0x0000020de7cafa90 Exception <a 'sun/nio/fs/WindowsException'{0x00000000d5615a78}> (0x00000000d5615a78) 
thrown [s\src\hotspot\share\prims\jni.cpp, line 520]
Event: 38999.801 Thread 0x0000020de7cafa90 Exception <a 'sun/nio/fs/WindowsException'{0x00000000d5580598}> (0x00000000d5580598) 
thrown [s\src\hotspot\share\prims\jni.cpp, line 520]
Event: 39004.505 Thread 0x0000020de7cafa90 Exception <a 'sun/nio/fs/WindowsException'{0x00000000d5682c10}> (0x00000000d5682c10) 
thrown [s\src\hotspot\share\prims\jni.cpp, line 520]
Event: 39004.903 Thread 0x0000020de7cafa90 Exception <a 'sun/nio/fs/WindowsException'{0x00000000d5585dd0}> (0x00000000d5585dd0) 
thrown [s\src\hotspot\share\prims\jni.cpp, line 520]
Event: 39011.495 Thread 0x0000020de7cafa90 Exception <a 'sun/nio/fs/WindowsException'{0x00000000d5aa9388}> (0x00000000d5aa9388) 
thrown [s\src\hotspot\share\prims\jni.cpp, line 520]
Event: 39011.895 Thread 0x0000020de7cafa90 Exception <a 'sun/nio/fs/WindowsException'{0x00000000d58447a0}> (0x00000000d58447a0) 
thrown [s\src\hotspot\share\prims\jni.cpp, line 520]
Event: 39020.564 Thread 0x0000020de7cafa90 Exception <a 'sun/nio/fs/WindowsException'{0x00000000d58b6288}> (0x00000000d58b6288) 
thrown [s\src\hotspot\share\prims\jni.cpp, line 520]
Event: 39024.137 Thread 0x0000020de7cafa90 Exception <a 'sun/nio/fs/WindowsException'{0x00000000d55acc88}> (0x00000000d55acc88) 
thrown [s\src\hotspot\share\prims\jni.cpp, line 520]
Event: 39063.026 Thread 0x0000020dee6daee0 Exception <a 'java/lang/NoSuchMethodError'{0x00000000d56b3fc0}: 'void java.lang.invoke.DelegatingMethodHandle$Holder.reinvoke_L(java.lang.Object, java.lang.Object, int)'> (0x00000000d56b3fc0) 
thrown [s\src\hotspot\share\interpreter\linkResolver.cpp, line 773]
Event: 39063.026 Thread 0x0000020df05d22d0 Exception <a 'java/lang/NoSuchMethodError'{0x00000000d56caae8}: 'void java.lang.invoke.DelegatingMethodHandle$Holder.reinvoke_L(java.lang.Object, java.lang.Object, int)'> (0x00000000d56caae8) 
thrown [s\src\hotspot\share\interpreter\linkResolver.cpp, line 773]
Event: 39149.879 Thread 0x0000020df05d7eb0 Exception <a 'java/lang/NoSuchMethodError'{0x00000000d5dca700}: 'int java.lang.invoke.DirectMethodHandle$Holder.invokeVirtual(java.lang.Object, java.lang.Object, java.lang.Object, int)'> (0x00000000d5dca700) 
thrown [s\src\hotspot\share\interpreter\linkResolver.cpp, line 773]
Event: 39161.772 Thread 0x0000020df05d2ff0 Exception <a 'java/lang/NoSuchMethodError'{0x00000000d67c5ef0}: 'void java.lang.invoke.DirectMethodHandle$Holder.invokeStatic(java.lang.Object, java.lang.Object, java.lang.Object, java.lang.Object, java.lang.Object, java.lang.Object, java.lang.Object, java.lang.Object)'> (0x00000000d67c5ef0) 
thrown [s\src\hotspot\share\interpreter\linkResolver.cpp, line 773]
Event: 39163.083 Thread 0x0000020de7cafa90 Exception <a 'sun/nio/fs/WindowsException'{0x00000000d55a4ac0}> (0x00000000d55a4ac0) 
thrown [s\src\hotspot\share\prims\jni.cpp, line 520]
Event: 39163.772 Thread 0x0000020de7cafa90 Exception <a 'sun/nio/fs/WindowsException'{0x00000000d5b4cf20}> (0x00000000d5b4cf20) 
thrown [s\src\hotspot\share\prims\jni.cpp, line 520]
Event: 39166.576 Thread 0x0000020df05d2ff0 Exception <a 'java/io/FileNotFoundException'{0x00000000d5ad9f00}> (0x00000000d5ad9f00) 
thrown [s\src\hotspot\share\prims\jni.cpp, line 520]

ZGC Phase Switch (0 events):
No events

VM Operations (20 events):
Event: 39169.145 Executing safepoint VM operation: ParallelGCFailedAllocation (Allocation Failure) done
Event: 39169.156 Executing safepoint VM operation: ParallelGCFailedAllocation (Allocation Failure)
Event: 39169.160 Executing safepoint VM operation: ParallelGCFailedAllocation (Allocation Failure) done
Event: 39169.170 Executing safepoint VM operation: ParallelGCFailedAllocation (Allocation Failure)
Event: 39169.174 Executing safepoint VM operation: ParallelGCFailedAllocation (Allocation Failure) done
Event: 39169.182 Executing safepoint VM operation: ParallelGCFailedAllocation (Allocation Failure)
Event: 39170.191 Executing safepoint VM operation: ParallelGCFailedAllocation (Allocation Failure) done
Event: 39170.198 Executing safepoint VM operation: ParallelGCFailedAllocation (Allocation Failure)
Event: 39170.201 Executing safepoint VM operation: ParallelGCFailedAllocation (Allocation Failure) done
Event: 39170.212 Executing safepoint VM operation: ParallelGCFailedAllocation (Allocation Failure)
Event: 39170.215 Executing safepoint VM operation: ParallelGCFailedAllocation (Allocation Failure) done
Event: 39170.228 Executing safepoint VM operation: ParallelGCFailedAllocation (Allocation Failure)
Event: 39170.233 Executing safepoint VM operation: ParallelGCFailedAllocation (Allocation Failure) done
Event: 39170.250 Executing safepoint VM operation: ParallelGCFailedAllocation (Allocation Failure)
Event: 39170.256 Executing safepoint VM operation: ParallelGCFailedAllocation (Allocation Failure) done
Event: 39170.268 Executing safepoint VM operation: ParallelGCFailedAllocation (Allocation Failure)
Event: 39170.275 Executing safepoint VM operation: ParallelGCFailedAllocation (Allocation Failure) done
Event: 39170.297 Executing safepoint VM operation: ParallelGCFailedAllocation (Allocation Failure)
Event: 39170.302 Executing safepoint VM operation: ParallelGCFailedAllocation (Allocation Failure) done
Event: 39170.322 Executing safepoint VM operation: ParallelGCFailedAllocation (Allocation Failure)

Memory protections (0 events):
No events

Nmethod flushes (20 events):
Event: 39023.938 Thread 0x0000020de61535f0 flushing  nmethod 0x0000020dd59efc10
Event: 39023.938 Thread 0x0000020de61535f0 flushing  nmethod 0x0000020dd59f1c90
Event: 39023.938 Thread 0x0000020de61535f0 flushing  nmethod 0x0000020dd5a0d710
Event: 39023.938 Thread 0x0000020de61535f0 flushing  nmethod 0x0000020dd5a0db90
Event: 39023.938 Thread 0x0000020de61535f0 flushing  nmethod 0x0000020dd5a1d790
Event: 39023.938 Thread 0x0000020de61535f0 flushing  nmethod 0x0000020dd5a3a990
Event: 39023.938 Thread 0x0000020de61535f0 flushing  nmethod 0x0000020dd5a3ad90
Event: 39023.938 Thread 0x0000020de61535f0 flushing  nmethod 0x0000020dd5a46b90
Event: 39023.938 Thread 0x0000020de61535f0 flushing  nmethod 0x0000020dd5a54310
Event: 39023.938 Thread 0x0000020de61535f0 flushing  nmethod 0x0000020dd5a62c10
Event: 39023.938 Thread 0x0000020de61535f0 flushing  nmethod 0x0000020dd5a63f90
Event: 39023.938 Thread 0x0000020de61535f0 flushing  nmethod 0x0000020dd5a89b10
Event: 39023.938 Thread 0x0000020de61535f0 flushing  nmethod 0x0000020dd5a97590
Event: 39023.938 Thread 0x0000020de61535f0 flushing  nmethod 0x0000020dd5abfd10
Event: 39023.938 Thread 0x0000020de61535f0 flushing  nmethod 0x0000020dd5ac0b90
Event: 39023.938 Thread 0x0000020de61535f0 flushing  nmethod 0x0000020dd5ac1210
Event: 39160.266 Thread 0x0000020de61535f0 flushing  nmethod 0x0000020ddc6d1c90
Event: 39160.266 Thread 0x0000020de61535f0 flushing  nmethod 0x0000020dd2cbba90
Event: 39160.266 Thread 0x0000020de61535f0 flushing  nmethod 0x0000020dd3043f10
Event: 39160.266 Thread 0x0000020de61535f0 flushing  nmethod 0x0000020dd3663190

Events (20 events):
Event: 39161.277 Thread 0x0000020de7b800b0 Thread added: 0x0000020dface2fe0
Event: 39161.467 Thread 0x0000020dface2fe0 Thread exited: 0x0000020dface2fe0
Event: 39161.718 Thread 0x0000020df05d15b0 Thread added: 0x0000020df05d8540
Event: 39161.723 Thread 0x0000020dface3d80 Thread exited: 0x0000020dface3d80
Event: 39161.806 Thread 0x0000020de7b800b0 Thread added: 0x0000020dee24e1d0
Event: 39161.827 Thread 0x0000020de7b800b0 Thread added: 0x0000020dee24cd60
Event: 39162.407 Thread 0x0000020dee24cd60 Thread exited: 0x0000020dee24cd60
Event: 39162.411 Thread 0x0000020dee24e1d0 Thread exited: 0x0000020dee24e1d0
Event: 39162.580 Thread 0x0000020de7b800b0 Thread added: 0x0000020dee28de90
Event: 39162.929 Thread 0x0000020df05d4a30 Thread added: 0x0000020ded714070
Event: 39162.958 Thread 0x0000020de7b800b0 Thread added: 0x0000020dec98a4b0
Event: 39163.164 Thread 0x0000020dec98a4b0 Thread exited: 0x0000020dec98a4b0
Event: 39163.286 Thread 0x0000020dee28de90 Thread exited: 0x0000020dee28de90
Event: 39165.537 Thread 0x0000020de7b800b0 Thread added: 0x0000020dee28de90
Event: 39165.591 Thread 0x0000020de7b800b0 Thread added: 0x0000020dee7f7440
Event: 39165.811 Thread 0x0000020dee7f7440 Thread exited: 0x0000020dee7f7440
Event: 39165.956 Thread 0x0000020de7b800b0 Thread added: 0x0000020dee28b5b0
Event: 39167.384 Thread 0x0000020dee28b5b0 Thread exited: 0x0000020dee28b5b0
Event: 39167.841 Thread 0x0000020dee28de90 Thread exited: 0x0000020dee28de90
Event: 39170.234 Thread 0x0000020de7b800b0 Thread added: 0x0000020dee24e1d0


Dynamic libraries:
0x00007ff76bb70000 - 0x00007ff76bb7e000 	c:\Users\ADMIN\.antigravity\extensions\redhat.java-1.54.0-win32-x64\jre\21.0.10-win32-x86_64\bin\java.exe
0x00007ffe2ca40000 - 0x00007ffe2cca7000 	C:\WINDOWS\SYSTEM32\ntdll.dll
0x00007ffe2b370000 - 0x00007ffe2b439000 	C:\WINDOWS\System32\KERNEL32.DLL
0x00007ffe295e0000 - 0x00007ffe299d7000 	C:\WINDOWS\System32\KERNELBASE.dll
0x00007ffe2a540000 - 0x00007ffe2a68b000 	C:\WINDOWS\System32\ucrtbase.dll
0x00007ffdfb560000 - 0x00007ffdfb578000 	c:\Users\ADMIN\.antigravity\extensions\redhat.java-1.54.0-win32-x64\jre\21.0.10-win32-x86_64\bin\jli.dll
0x00007ffe2a9e0000 - 0x00007ffe2aba6000 	C:\WINDOWS\System32\USER32.dll
0x00007ffe295b0000 - 0x00007ffe295d7000 	C:\WINDOWS\System32\win32u.dll
0x00007ffdfb580000 - 0x00007ffdfb59e000 	c:\Users\ADMIN\.antigravity\extensions\redhat.java-1.54.0-win32-x64\jre\21.0.10-win32-x86_64\bin\VCRUNTIME140.dll
0x00007ffe2b2c0000 - 0x00007ffe2b2eb000 	C:\WINDOWS\System32\GDI32.dll
0x00007ffe2a690000 - 0x00007ffe2a7bc000 	C:\WINDOWS\System32\gdi32full.dll
0x00007ffe0ab40000 - 0x00007ffe0add2000 	C:\WINDOWS\WinSxS\amd64_microsoft.windows.common-controls_6595b64144ccf1df_6.0.26100.8457_none_3e0b2faee331e92d\COMCTL32.dll
0x00007ffe29470000 - 0x00007ffe29513000 	C:\WINDOWS\System32\msvcp_win.dll
0x00007ffe2c3a0000 - 0x00007ffe2c449000 	C:\WINDOWS\System32\msvcrt.dll
0x00007ffe2c060000 - 0x00007ffe2c092000 	C:\WINDOWS\System32\IMM32.DLL
0x00007ffdfb550000 - 0x00007ffdfb55c000 	c:\Users\ADMIN\.antigravity\extensions\redhat.java-1.54.0-win32-x64\jre\21.0.10-win32-x86_64\bin\vcruntime140_1.dll
0x00007ffddd910000 - 0x00007ffddd99d000 	c:\Users\ADMIN\.antigravity\extensions\redhat.java-1.54.0-win32-x64\jre\21.0.10-win32-x86_64\bin\msvcp140.dll
0x00007ffdc0960000 - 0x00007ffdc1701000 	c:\Users\ADMIN\.antigravity\extensions\redhat.java-1.54.0-win32-x64\jre\21.0.10-win32-x86_64\bin\server\jvm.dll
0x00007ffe2b620000 - 0x00007ffe2b6d6000 	C:\WINDOWS\System32\ADVAPI32.dll
0x00007ffe2b100000 - 0x00007ffe2b1a7000 	C:\WINDOWS\System32\sechost.dll
0x00007ffe2a7c0000 - 0x00007ffe2a8d8000 	C:\WINDOWS\System32\RPCRT4.dll
0x00007ffe2c310000 - 0x00007ffe2c390000 	C:\WINDOWS\System32\WS2_32.dll
0x00007ffe292d0000 - 0x00007ffe2932e000 	C:\WINDOWS\SYSTEM32\POWRPROF.dll
0x00007ffe211e0000 - 0x00007ffe21216000 	C:\WINDOWS\SYSTEM32\WINMM.dll
0x00007ffe1af40000 - 0x00007ffe1af4b000 	C:\WINDOWS\SYSTEM32\VERSION.dll
0x00007ffe292b0000 - 0x00007ffe292c4000 	C:\WINDOWS\SYSTEM32\UMPDC.dll
0x00007ffe28200000 - 0x00007ffe2821b000 	C:\WINDOWS\SYSTEM32\kernel.appcore.dll
0x00007ffe24360000 - 0x00007ffe2436a000 	c:\Users\ADMIN\.antigravity\extensions\redhat.java-1.54.0-win32-x64\jre\21.0.10-win32-x86_64\bin\jimage.dll
0x00007ffe272d0000 - 0x00007ffe27512000 	C:\WINDOWS\SYSTEM32\DBGHELP.DLL
0x00007ffe2ad30000 - 0x00007ffe2b0b3000 	C:\WINDOWS\System32\combase.dll
0x00007ffe2bf80000 - 0x00007ffe2c059000 	C:\WINDOWS\System32\OLEAUT32.dll
0x00007ffdf9fe0000 - 0x00007ffdfa01b000 	C:\WINDOWS\SYSTEM32\dbgcore.DLL
0x00007ffe299e0000 - 0x00007ffe29a88000 	C:\WINDOWS\System32\bcryptPrimitives.dll
0x00007ffe24300000 - 0x00007ffe2430f000 	c:\Users\ADMIN\.antigravity\extensions\redhat.java-1.54.0-win32-x64\jre\21.0.10-win32-x86_64\bin\instrument.dll
0x00007ffdfb5f0000 - 0x00007ffdfb610000 	c:\Users\ADMIN\.antigravity\extensions\redhat.java-1.54.0-win32-x64\jre\21.0.10-win32-x86_64\bin\java.dll
0x00007ffe2b770000 - 0x00007ffe2bede000 	C:\WINDOWS\System32\SHELL32.dll
0x00007ffe29cd0000 - 0x00007ffe2a53c000 	C:\WINDOWS\System32\windows.storage.dll
0x00007ffe2a8e0000 - 0x00007ffe2a9d6000 	C:\WINDOWS\System32\SHCORE.dll
0x00007ffe2b6e0000 - 0x00007ffe2b746000 	C:\WINDOWS\System32\shlwapi.dll
0x00007ffe29390000 - 0x00007ffe293b9000 	C:\WINDOWS\SYSTEM32\profapi.dll
0x00007ffdfb5d0000 - 0x00007ffdfb5e8000 	c:\Users\ADMIN\.antigravity\extensions\redhat.java-1.54.0-win32-x64\jre\21.0.10-win32-x86_64\bin\zip.dll
0x00007ffdfb5c0000 - 0x00007ffdfb5d0000 	C:\Users\ADMIN\.antigravity\extensions\redhat.java-1.54.0-win32-x64\jre\21.0.10-win32-x86_64\bin\net.dll
0x00007ffe1ad70000 - 0x00007ffe1ae99000 	C:\WINDOWS\SYSTEM32\WINHTTP.dll
0x00007ffe28770000 - 0x00007ffe287dc000 	C:\WINDOWS\system32\mswsock.dll
0x00007ffdfb5a0000 - 0x00007ffdfb5b6000 	C:\Users\ADMIN\.antigravity\extensions\redhat.java-1.54.0-win32-x64\jre\21.0.10-win32-x86_64\bin\nio.dll
0x00007ffdfb270000 - 0x00007ffdfb280000 	c:\Users\ADMIN\.antigravity\extensions\redhat.java-1.54.0-win32-x64\jre\21.0.10-win32-x86_64\bin\verify.dll
0x00007ffdfc960000 - 0x00007ffdfc9a5000 	C:\Users\ADMIN\AppData\Roaming\Antigravity\User\globalStorage\redhat.java\1.54.0\config_win\org.eclipse.equinox.launcher\org.eclipse.equinox.launcher.win32.win32.x86_64_1.3.0.v20260203-2149\eclipse_11919.dll
0x00007ffe2c170000 - 0x00007ffe2c307000 	C:\WINDOWS\System32\ole32.dll
0x00007ffe28a50000 - 0x00007ffe28a6b000 	C:\WINDOWS\SYSTEM32\CRYPTSP.dll
0x00007ffe28160000 - 0x00007ffe28199000 	C:\WINDOWS\system32\rsaenh.dll
0x00007ffe28820000 - 0x00007ffe28853000 	C:\WINDOWS\SYSTEM32\USERENV.dll
0x00007ffe29360000 - 0x00007ffe2938a000 	C:\WINDOWS\SYSTEM32\bcrypt.dll
0x00007ffe28a70000 - 0x00007ffe28a7c000 	C:\WINDOWS\SYSTEM32\CRYPTBASE.dll
0x00007ffe27bc0000 - 0x00007ffe27bf2000 	C:\WINDOWS\SYSTEM32\IPHLPAPI.DLL
0x00007ffe2b1b0000 - 0x00007ffe2b1ba000 	C:\WINDOWS\System32\NSI.dll
0x00007ffdfc870000 - 0x00007ffdfc8b9000 	C:\Users\ADMIN\AppData\Local\Temp\jna-62130991\jna1357245818676736426.dll
0x00007ffe2ad20000 - 0x00007ffe2ad28000 	C:\WINDOWS\System32\PSAPI.DLL
0x00007ffe22b90000 - 0x00007ffe22bad000 	C:\WINDOWS\SYSTEM32\dhcpcsvc6.DLL
0x00007ffe22ae0000 - 0x00007ffe22b05000 	C:\WINDOWS\SYSTEM32\dhcpcsvc.DLL
0x00007ffe0cc80000 - 0x00007ffe0cc8e000 	C:\Users\ADMIN\.antigravity\extensions\redhat.java-1.54.0-win32-x64\jre\21.0.10-win32-x86_64\bin\sunmscapi.dll
0x00007ffe29a90000 - 0x00007ffe29c08000 	C:\WINDOWS\System32\CRYPT32.dll
0x00007ffe28c70000 - 0x00007ffe28ca0000 	C:\WINDOWS\SYSTEM32\ncrypt.dll
0x00007ffe28c20000 - 0x00007ffe28c5f000 	C:\WINDOWS\SYSTEM32\NTASN1.dll
0x00007ffe27c10000 - 0x00007ffe27d42000 	C:\WINDOWS\SYSTEM32\DNSAPI.dll
0x00007ffe1af50000 - 0x00007ffe1af5b000 	C:\Windows\System32\rasadhlp.dll
0x00007ffe23420000 - 0x00007ffe234a6000 	C:\WINDOWS\System32\fwpuclnt.dll
0x00007ffe0cc70000 - 0x00007ffe0cc79000 	C:\Users\ADMIN\.antigravity\extensions\redhat.java-1.54.0-win32-x64\jre\21.0.10-win32-x86_64\bin\extnet.dll

JVMTI agents:
c:\Users\ADMIN\.antigravity\extensions\redhat.java-1.54.0-win32-x64\lombok\lombok-1.18.39-4050.jar path:c:\Users\ADMIN\.antigravity\extensions\redhat.java-1.54.0-win32-x64\jre\21.0.10-win32-x86_64\bin\instrument.dll, loaded, initialized, instrumentlib options:none

dbghelp: loaded successfully - version: 4.0.5 - missing functions: none
symbol engine: initialized successfully - sym options: 0x614 - pdb path: .;c:\Users\ADMIN\.antigravity\extensions\redhat.java-1.54.0-win32-x64\jre\21.0.10-win32-x86_64\bin;C:\WINDOWS\SYSTEM32;C:\WINDOWS\WinSxS\amd64_microsoft.windows.common-controls_6595b64144ccf1df_6.0.26100.8457_none_3e0b2faee331e92d;c:\Users\ADMIN\.antigravity\extensions\redhat.java-1.54.0-win32-x64\jre\21.0.10-win32-x86_64\bin\server;C:\Users\ADMIN\AppData\Roaming\Antigravity\User\globalStorage\redhat.java\1.54.0\config_win\org.eclipse.equinox.launcher\org.eclipse.equinox.launcher.win32.win32.x86_64_1.3.0.v20260203-2149;C:\Users\ADMIN\AppData\Local\Temp\jna-62130991

VM Arguments:
jvm_args: --add-modules=ALL-SYSTEM --add-opens=java.base/java.util=ALL-UNNAMED --add-opens=java.base/java.lang=ALL-UNNAMED --add-opens=java.base/sun.nio.fs=ALL-UNNAMED -Declipse.application=org.eclipse.jdt.ls.core.id1 -Dosgi.bundles.defaultStartLevel=4 -Declipse.product=org.eclipse.jdt.ls.core.product -Djava.import.generatesMetadataFilesAtProjectRoot=false -DDetectVMInstallationsJob.disabled=true -Dfile.encoding=utf8 -XX:+UseParallelGC -XX:GCTimeRatio=4 -XX:AdaptiveSizePolicyWeight=90 -Dsun.zip.disableMemoryMapping=true -Xmx2G -Xms100m -Xlog:disable -javaagent:c:\Users\ADMIN\.antigravity\extensions\redhat.java-1.54.0-win32-x64\lombok\lombok-1.18.39-4050.jar -XX:+HeapDumpOnOutOfMemoryError -XX:HeapDumpPath=c:\Users\ADMIN\AppData\Roaming\Antigravity\User\workspaceStorage\fd5ece4e1bf054838039c66767a779f1\redhat.java -Daether.dependencyCollector.impl=bf 
java_command: c:\Users\ADMIN\.antigravity\extensions\redhat.java-1.54.0-win32-x64\server\plugins\org.eclipse.equinox.launcher_1.7.100.v20251111-0406.jar -configuration c:\Users\ADMIN\AppData\Roaming\Antigravity\User\globalStorage\redhat.java\1.54.0\config_win -data c:\Users\ADMIN\AppData\Roaming\Antigravity\User\workspaceStorage\fd5ece4e1bf054838039c66767a779f1\redhat.java\jdt_ws --pipe=\\.\pipe\lsp-2f10556c31cf3e6ad40085cf81d3da5f-sock
java_class_path (initial): c:\Users\ADMIN\.antigravity\extensions\redhat.java-1.54.0-win32-x64\server\plugins\org.eclipse.equinox.launcher_1.7.100.v20251111-0406.jar
Launcher Type: SUN_STANDARD

[Global flags]
    uintx AdaptiveSizePolicyWeight                 = 90                                        {product} {command line}
     intx CICompilerCount                          = 4                                         {product} {ergonomic}
    uintx GCTimeRatio                              = 4                                         {product} {command line}
     bool HeapDumpOnOutOfMemoryError               = true                                   {manageable} {command line}
    ccstr HeapDumpPath                             = c:\Users\ADMIN\AppData\Roaming\Antigravity\User\workspaceStorage\fd5ece4e1bf054838039c66767a779f1\redhat.java         {manageable} {command line}
   size_t InitialHeapSize                          = 104857600                                 {product} {command line}
   size_t MaxHeapSize                              = 2147483648                                {product} {command line}
   size_t MaxNewSize                               = 715653120                                 {product} {ergonomic}
   size_t MinHeapDeltaBytes                        = 524288                                    {product} {ergonomic}
   size_t MinHeapSize                              = 104857600                                 {product} {command line}
   size_t NewSize                                  = 34603008                                  {product} {ergonomic}
    uintx NonNMethodCodeHeapSize                   = 5839372                                {pd product} {ergonomic}
    uintx NonProfiledCodeHeapSize                  = 122909434                              {pd product} {ergonomic}
   size_t OldSize                                  = 70254592                                  {product} {ergonomic}
    uintx ProfiledCodeHeapSize                     = 122909434                              {pd product} {ergonomic}
    uintx ReservedCodeCacheSize                    = 251658240                              {pd product} {ergonomic}
     bool SegmentedCodeCache                       = true                                      {product} {ergonomic}
   size_t SoftMaxHeapSize                          = 2147483648                             {manageable} {ergonomic}
     bool UseCompressedOops                        = true                           {product lp64_product} {ergonomic}
     bool UseLargePagesIndividualAllocation        = false                                  {pd product} {ergonomic}
     bool UseParallelGC                            = true                                      {product} {command line}

Logging:
Log output configuration:
 #0: stdout all=off uptime,level,tags foldmultilines=false
 #1: stderr all=off uptime,level,tags foldmultilines=false

Release file:
JAVA_VERSION="21.0.10" 
MODULES="java.base java.compiler java.datatransfer java.xml java.prefs java.desktop java.instrument java.logging java.management java.security.sasl java.naming java.rmi java.management.rmi java.net.http java.scripting java.security.jgss java.transaction.xa java.sql java.sql.rowset java.xml.crypto java.se java.smartcardio jdk.accessibility jdk.internal.jvmstat jdk.attach jdk.charsets jdk.internal.opt jdk.zipfs jdk.compiler jdk.crypto.ec jdk.crypto.cryptoki jdk.crypto.mscapi jdk.dynalink jdk.internal.ed jdk.editpad jdk.hotspot.agent jdk.httpserver jdk.internal.le jdk.internal.vm.ci jdk.internal.vm.compiler jdk.internal.vm.compiler.management jdk.jartool jdk.javadoc jdk.jcmd jdk.management jdk.management.agent jdk.jconsole jdk.jdeps jdk.jdwp.agent jdk.jdi jdk.jfr jdk.jshell jdk.jsobject jdk.jstatd jdk.localedata jdk.management.jfr jdk.naming.dns jdk.naming.rmi jdk.net jdk.nio.mapmode jdk.random jdk.sctp jdk.security.auth jdk.security.jgss jdk.unsupported jdk.unsupported.desktop jdk.xml.dom" 

Environment Variables:
PATH=C:\Program Files (x86)\Common Files\Intel\Shared Libraries\redist\intel64\compiler;C:\Program Files\Common Files\Oracle\Java\javapath;C:\Program Files\Microsoft\jdk-11.0.16.101-hotspot\bin;C:\WINDOWS\system32;C:\WINDOWS;C:\WINDOWS\System32\Wbem;C:\WINDOWS\System32\WindowsPowerShell\v1.0\;C:\WINDOWS\System32\OpenSSH\;C:\Program Files\Java\jdk-20\bin;E:\java\openjfx-20.0.1_windows-x64_bin-sdk\javafx-sdk-20.0.1\bin;C:\Program Files\dotnet\;C:\Program Files\Java\jdk-17\bin;C:\Program Files\Java\jdk1.8.0_361\bin;C:\Users\ADMIN\AppData\Local\Temp\MicrosoftEdgeDownloads\52125c8b-0d2d-47fb-bac7-e846a6ce6701;D:\spring-boot-cli-3.2.4-bin\spring-3.2.4\bin;D:\chuyendetonghop\apache-maven-3.9.9-bin\apache-maven-3.9.9\bin;C:\ProgramData\ComposerSetup\bin;C:\Program Files\PuTTY\;C:\Program Files (x86)\ZeroTier\One\;D:\ki2_2025\thietkehethong\windows_10_cmake_Release_Graphviz-12.2.1-win64\Graphviz-12.2.1-win64\bin;C:\Program Files\WireGuard\;C:\Users\ADMIN\AppData\Local\nvm;C:\nvm4w\nodejs;C:\Program Files\Git\cmd;C:\Program Files\Docker\Docker\resources\bin;C:\Users\ADMIN\AppData\Local\Programs\Python\Python311\Scripts\;C:\Users\ADMIN\AppData\Local\Programs\Python\Python311\;C:\Users\ADMIN\AppData\Local\Microsoft\WindowsApps;C:\Program Files\Azure Data Studio\bin;C:\xampp\php;D:\ungdung\intellj_a\IntelliJ IDEA 2026.1\bin;C:\Program Files\JetBrains\IntelliJ IDEA Community Edition 2022.3\bin;;C:\Users\ADMIN\AppData\Roaming\Composer\vendor\bin;C:\Users\ADMIN\AppData\Roaming\npm;C:\Users\ADMIN\AppData\Local\GitHubDesktop\bin;C:\Users\ADMIN\AppData\Local\nvm;C:\nvm4w\nodejs;D:\ungdung\vscode\bin;D:\ungdung\Antigravity\bin
USERNAME=ADMIN
OS=Windows_NT
PROCESSOR_IDENTIFIER=Intel64 Family 6 Model 140 Stepping 2, GenuineIntel
TMP=C:\Users\ADMIN\AppData\Local\Temp
TEMP=C:\Users\ADMIN\AppData\Local\Temp




Periodic native trim disabled

---------------  S Y S T E M  ---------------

OS:
 Windows 11 , 64 bit Build 26100 (10.0.26100.8328)
OS uptime: 2 days 2:20 hours
Hyper-V role detected

CPU: total 8 (initial active 8) (4 cores per cpu, 2 threads per core) family 6 model 140 stepping 2 microcode 0x3c, cx8, cmov, fxsr, ht, mmx, 3dnowpref, sse, sse2, sse3, ssse3, sse4.1, sse4.2, popcnt, lzcnt, tsc, tscinvbit, avx, avx2, aes, erms, clmul, bmi1, bmi2, adx, avx512f, avx512dq, avx512cd, avx512bw, avx512vl, sha, fma, vzeroupper, avx512_vpopcntdq, avx512_vpclmulqdq, avx512_vaes, avx512_vnni, clflush, clflushopt, clwb, avx512_vbmi2, avx512_vbmi, hv, rdtscp, rdpid, fsrm, gfni, avx512_bitalg, f16c, cet_ibt, cet_ss, avx512_ifma
Processor Information for the first 8 processors :
  Max Mhz: 2496, Current Mhz: 2496, Mhz Limit: 2496

Memory: 4k page, system-wide physical 32506M (7228M free)
TotalPageFile size 36602M (AvailPageFile size 13M)
current process WorkingSet (physical memory assigned to process): 1148M, peak: 1922M
current process commit charge ("private bytes"): 1237M, peak: 2018M

vm_info: OpenJDK 64-Bit Server VM (21.0.10+7-LTS) for windows-amd64 JRE (21.0.10+7-LTS), built on 2026-01-20T00:00:00Z by "admin" with MS VC++ 17.12 (VS2022)

END.
