#
# There is insufficient memory for the Java Runtime Environment to continue.
# Native memory allocation (mmap) failed to map 532676608 bytes. Error detail: G1 virtual space
# Possible reasons:
#   The system is out of physical RAM or swap space
#   This process is running with CompressedOops enabled, and the Java Heap may be blocking the growth of the native heap
# Possible solutions:
#   Reduce memory load on the system
#   Increase physical memory or swap space
#   Check if swap backing store is full
#   Decrease Java heap size (-Xmx/-Xms)
#   Decrease number of Java threads
#   Decrease Java thread stack sizes (-Xss)
#   Set larger code cache with -XX:ReservedCodeCacheSize=
#   JVM is running with Zero Based Compressed Oops mode in which the Java heap is
#     placed in the first 32GB address space. The Java Heap base address is the
#     maximum limit for the native heap growth. Please use -XX:HeapBaseMinAddress
#     to set the Java Heap base and to place the Java Heap above 32GB virtual address.
# This output file may be truncated or incomplete.
#
#  Out of Memory Error (os_windows.cpp:3564), pid=18756, tid=10188
#
# JRE version:  (24.0.2+12) (build )
# Java VM: Java HotSpot(TM) 64-Bit Server VM (24.0.2+12-54, mixed mode, sharing, tiered, compressed oops, compressed class ptrs, g1 gc, windows-amd64)
# No core dump will be written. Minidumps are not enabled by default on client versions of Windows
#

---------------  S U M M A R Y ------------

Command Line: -Dclassworlds.conf=D:\chuyendetonghop\apache-maven-3.9.9-bin\apache-maven-3.9.9\bin\m2.conf -Dmaven.home=D:\chuyendetonghop\apache-maven-3.9.9-bin\apache-maven-3.9.9 -Dlibrary.jansi.path=D:\chuyendetonghop\apache-maven-3.9.9-bin\apache-maven-3.9.9\lib\jansi-native -Dmaven.multiModuleProjectDirectory=D:\doantotnghiep\paperless-meeting\backend org.codehaus.plexus.classworlds.launcher.Launcher compile test-compile

Host: 11th Gen Intel(R) Core(TM) i5-11320H @ 3.20GHz, 8 cores, 31G,  Windows 11 , 64 bit Build 26100 (10.0.26100.8328)
Time: Mon May 18 01:04:33 2026 SE Asia Standard Time elapsed time: 2.061441 seconds (0d 0h 0m 2s)

---------------  T H R E A D  ---------------

Current thread (0x0000019c45dcbef0):  JavaThread "Unknown thread" [_thread_in_vm, id=10188, stack(0x0000003779500000,0x0000003779600000) (1024K)]

Stack: [0x0000003779500000,0x0000003779600000]
Native frames: (J=compiled Java code, j=interpreted, Vv=VM code, C=native code)
V  [jvm.dll+0x730829]  (no source info available)
V  [jvm.dll+0x8d9da3]  (no source info available)
V  [jvm.dll+0x8dc28d]  (no source info available)
V  [jvm.dll+0x8dc903]  (no source info available)
V  [jvm.dll+0x2a9f56]  (no source info available)
V  [jvm.dll+0x72cd55]  (no source info available)
V  [jvm.dll+0x72066a]  (no source info available)
V  [jvm.dll+0x390b7a]  (no source info available)
V  [jvm.dll+0x398906]  (no source info available)
V  [jvm.dll+0x3850de]  (no source info available)
V  [jvm.dll+0x385398]  (no source info available)
V  [jvm.dll+0x35d10c]  (no source info available)
V  [jvm.dll+0x35ddcd]  (no source info available)
V  [jvm.dll+0x89d50f]  (no source info available)
V  [jvm.dll+0x3f979d]  (no source info available)
V  [jvm.dll+0x885b66]  (no source info available)
V  [jvm.dll+0x495e7e]  (no source info available)
V  [jvm.dll+0x497c51]  (no source info available)
C  [jli.dll+0x52a1]  (no source info available)
C  [ucrtbase.dll+0x37b0]  (no source info available)
C  [KERNEL32.DLL+0x2e957]  (no source info available)
C  [ntdll.dll+0x427c]  (no source info available)

Lock stack of current Java thread (top to bottom):


---------------  P R O C E S S  ---------------

Threads class SMR info:
_java_thread_list=0x00007ffdb68bf318, length=0, elements={
}

Java Threads: ( => current thread )
Total: 0

Other Threads:
  0x0000019c4819b390 WorkerThread "GC Thread#0"                     [id=19964, stack(0x0000003779600000,0x0000003779700000) (1024K)]
  0x0000019c69b84010 ConcurrentGCThread "G1 Main Marker"            [id=13652, stack(0x0000003779700000,0x0000003779800000) (1024K)]
  0x0000019c69b84a20 WorkerThread "G1 Conc#0"                       [id=23784, stack(0x0000003779800000,0x0000003779900000) (1024K)]

[error occurred during error reporting (printing all threads), id 0xc0000005, EXCEPTION_ACCESS_VIOLATION (0xc0000005) at pc=0x00007ffdb5ff138a]
VM state: not at safepoint (not fully initialized)

VM Mutex/Monitor currently owned by a thread:  ([mutex/lock_event])
[0x00007ffdb69445f0] Heap_lock - owner thread: 0x0000019c45dcbef0

Heap address: 0x0000000604000000, size: 8128 MB, Compressed Oops mode: Zero based, Oop shift amount: 3

CDS archive(s) mapped at: [0x0000000000000000-0x0000000000000000-0x0000000000000000), size 0, SharedBaseAddress: 0x0000000800000000, ArchiveRelocationMode: 1.
UseCompressedClassPointers 1, UseCompactObjectHeaders 0
Narrow klass pointer bits 32, Max shift 3
Narrow klass base: 0xffffffffffffffff, Narrow klass shift: -1
Encoding Range: [0xffffffffffffffff - 0x000000007fffffff), (2147483648 bytes)
Klass Range:    [0x0000000000000000 - 0x0000000000000000), (0 bytes)
Klass ID Range:  [4294967295 - 0) (1)

GC Precious Log:
 CardTable entry size: 512
 Card Set container configuration: InlinePtr #cards 4 size 8 Array Of Cards #cards 32 size 80 Howl #buckets 8 coarsen threshold 7372 Howl Bitmap #cards 1024 size 144 coarsen threshold 921 Card regions per heap region 1 cards per card region 8192

Heap:
 garbage-first heap   total reserved 8323072K, committed 0K, used 0K [0x0000000604000000, 0x0000000800000000)
  region size 4096K, 0 young (0K), 0 survivors (0K)

[error occurred during error reporting (printing heap information), id 0xc0000005, EXCEPTION_ACCESS_VIOLATION (0xc0000005) at pc=0x00007ffdb640e679]
GC Heap History (0 events):
No events

Dll operation events (1 events):
Event: 0.023 Loaded shared library C:\Program Files\Java\jdk-24\bin\java.dll

Deoptimization events (0 events):
No events

Classes loaded (0 events):
No events

Classes unloaded (0 events):
No events

Classes redefined (0 events):
No events

Internal exceptions (0 events):
No events

VM Operations (0 events):
No events

Memory protections (0 events):
No events

Nmethod flushes (0 events):
No events

Events (0 events):
No events


Dynamic libraries:
0x00007ff647b90000 - 0x00007ff647ba0000 	C:\Program Files\Java\jdk-24\bin\java.exe
0x00007ffe2ca40000 - 0x00007ffe2cca7000 	C:\WINDOWS\SYSTEM32\ntdll.dll
0x00007ffe2b370000 - 0x00007ffe2b439000 	C:\WINDOWS\System32\KERNEL32.DLL
0x00007ffe295e0000 - 0x00007ffe299d7000 	C:\WINDOWS\System32\KERNELBASE.dll
0x00007ffe2a540000 - 0x00007ffe2a68b000 	C:\WINDOWS\System32\ucrtbase.dll
0x00007ffdfaa70000 - 0x00007ffdfaa8b000 	C:\Program Files\Java\jdk-24\bin\VCRUNTIME140.dll
0x00007ffdfa630000 - 0x00007ffdfa646000 	C:\Program Files\Java\jdk-24\bin\jli.dll
0x00007ffe2a9e0000 - 0x00007ffe2aba6000 	C:\WINDOWS\System32\USER32.dll
0x00007ffe0ab40000 - 0x00007ffe0add2000 	C:\WINDOWS\WinSxS\amd64_microsoft.windows.common-controls_6595b64144ccf1df_6.0.26100.8457_none_3e0b2faee331e92d\COMCTL32.dll
0x00007ffe295b0000 - 0x00007ffe295d7000 	C:\WINDOWS\System32\win32u.dll
0x00007ffe2c3a0000 - 0x00007ffe2c449000 	C:\WINDOWS\System32\msvcrt.dll
0x00007ffe2b2c0000 - 0x00007ffe2b2eb000 	C:\WINDOWS\System32\GDI32.dll
0x00007ffe2a690000 - 0x00007ffe2a7bc000 	C:\WINDOWS\System32\gdi32full.dll
0x00007ffe29470000 - 0x00007ffe29513000 	C:\WINDOWS\System32\msvcp_win.dll
0x00007ffe2c060000 - 0x00007ffe2c092000 	C:\WINDOWS\System32\IMM32.DLL
0x00007ffdfc0c0000 - 0x00007ffdfc0cc000 	C:\Program Files\Java\jdk-24\bin\vcruntime140_1.dll
0x00007ffddda00000 - 0x00007ffddda8e000 	C:\Program Files\Java\jdk-24\bin\msvcp140.dll
0x00007ffdb5c80000 - 0x00007ffdb6a21000 	C:\Program Files\Java\jdk-24\bin\server\jvm.dll
0x00007ffe2b620000 - 0x00007ffe2b6d6000 	C:\WINDOWS\System32\ADVAPI32.dll
0x00007ffe2b100000 - 0x00007ffe2b1a7000 	C:\WINDOWS\System32\sechost.dll
0x00007ffe2a7c0000 - 0x00007ffe2a8d8000 	C:\WINDOWS\System32\RPCRT4.dll
0x00007ffe2c310000 - 0x00007ffe2c390000 	C:\WINDOWS\System32\WS2_32.dll
0x00007ffe292d0000 - 0x00007ffe2932e000 	C:\WINDOWS\SYSTEM32\POWRPROF.dll
0x00007ffe1af40000 - 0x00007ffe1af4b000 	C:\WINDOWS\SYSTEM32\VERSION.dll
0x00007ffe211e0000 - 0x00007ffe21216000 	C:\WINDOWS\SYSTEM32\WINMM.dll
0x00007ffe292b0000 - 0x00007ffe292c4000 	C:\WINDOWS\SYSTEM32\UMPDC.dll
0x00007ffe28200000 - 0x00007ffe2821b000 	C:\WINDOWS\SYSTEM32\kernel.appcore.dll
0x00007ffdfc060000 - 0x00007ffdfc06a000 	C:\Program Files\Java\jdk-24\bin\jimage.dll
0x00007ffe272d0000 - 0x00007ffe27512000 	C:\WINDOWS\SYSTEM32\DBGHELP.DLL
0x00007ffe2ad30000 - 0x00007ffe2b0b3000 	C:\WINDOWS\System32\combase.dll
0x00007ffe2bf80000 - 0x00007ffe2c059000 	C:\WINDOWS\System32\OLEAUT32.dll
0x00007ffdf9fe0000 - 0x00007ffdfa01b000 	C:\WINDOWS\SYSTEM32\dbgcore.DLL
0x00007ffe299e0000 - 0x00007ffe29a88000 	C:\WINDOWS\System32\bcryptPrimitives.dll
0x00007ffdf6360000 - 0x00007ffdf637e000 	C:\Program Files\Java\jdk-24\bin\java.dll
0x00007ffe2c170000 - 0x00007ffe2c307000 	C:\WINDOWS\System32\ole32.dll
0x00007ffe2b770000 - 0x00007ffe2bede000 	C:\WINDOWS\System32\SHELL32.dll

JVMTI agents: none

dbghelp: loaded successfully - version: 4.0.5 - missing functions: none
symbol engine: initialized successfully - sym options: 0x614 - pdb path: .;C:\Program Files\Java\jdk-24\bin;C:\WINDOWS\SYSTEM32;C:\WINDOWS\WinSxS\amd64_microsoft.windows.common-controls_6595b64144ccf1df_6.0.26100.8457_none_3e0b2faee331e92d;C:\Program Files\Java\jdk-24\bin\server

VM Arguments:
jvm_args: -Dclassworlds.conf=D:\chuyendetonghop\apache-maven-3.9.9-bin\apache-maven-3.9.9\bin\m2.conf -Dmaven.home=D:\chuyendetonghop\apache-maven-3.9.9-bin\apache-maven-3.9.9 -Dlibrary.jansi.path=D:\chuyendetonghop\apache-maven-3.9.9-bin\apache-maven-3.9.9\lib\jansi-native -Dmaven.multiModuleProjectDirectory=D:\doantotnghiep\paperless-meeting\backend 
java_command: org.codehaus.plexus.classworlds.launcher.Launcher compile test-compile
java_class_path (initial): D:\chuyendetonghop\apache-maven-3.9.9-bin\apache-maven-3.9.9\boot\plexus-classworlds-2.8.0.jar
Launcher Type: SUN_STANDARD

[Global flags]
     intx CICompilerCount                          = 4                                         {product} {ergonomic}
     uint ConcGCThreads                            = 2                                         {product} {ergonomic}
     uint G1ConcRefinementThreads                  = 8                                         {product} {ergonomic}
   size_t G1HeapRegionSize                         = 4194304                                   {product} {ergonomic}
   size_t InitialHeapSize                          = 532676608                                 {product} {ergonomic}
   size_t MarkStackSize                            = 4194304                                   {product} {ergonomic}
   size_t MarkStackSizeMax                         = 536870912                                 {product} {ergonomic}
   size_t MaxHeapSize                              = 8522825728                                {product} {ergonomic}
   size_t MinHeapDeltaBytes                        = 4194304                                   {product} {ergonomic}
   size_t MinHeapSize                              = 8388608                                   {product} {ergonomic}
    uintx NonNMethodCodeHeapSize                   = 5832704                                {pd product} {ergonomic}
    uintx NonProfiledCodeHeapSize                  = 122945536                              {pd product} {ergonomic}
    uintx ProfiledCodeHeapSize                     = 122880000                              {pd product} {ergonomic}
    uintx ReservedCodeCacheSize                    = 251658240                              {pd product} {ergonomic}
     bool SegmentedCodeCache                       = true                                      {product} {ergonomic}
   size_t SoftMaxHeapSize                          = 8522825728                             {manageable} {ergonomic}
     bool UseCompressedOops                        = true                           {product lp64_product} {ergonomic}
     bool UseG1GC                                  = true                                      {product} {ergonomic}
     bool UseLargePagesIndividualAllocation        = false                                  {pd product} {ergonomic}

Logging:
Log output configuration:
 #0: stdout all=warning uptime,level,tags foldmultilines=false
 #1: stderr all=off uptime,level,tags foldmultilines=false

Environment Variables:
PATH=C:\Program Files (x86)\Common Files\Intel\Shared Libraries\redist\intel64\compiler;C:\Program Files\Common Files\Oracle\Java\javapath;C:\Program Files\Microsoft\jdk-11.0.16.101-hotspot\bin;C:\WINDOWS\system32;C:\WINDOWS;C:\WINDOWS\System32\Wbem;C:\WINDOWS\System32\WindowsPowerShell\v1.0\;C:\WINDOWS\System32\OpenSSH\;C:\Program Files\Java\jdk-20\bin;E:\java\openjfx-20.0.1_windows-x64_bin-sdk\javafx-sdk-20.0.1\bin;C:\Program Files\dotnet\;C:\Program Files\Java\jdk-17\bin;C:\Program Files\Java\jdk1.8.0_361\bin;C:\Users\ADMIN\AppData\Local\Temp\MicrosoftEdgeDownloads\52125c8b-0d2d-47fb-bac7-e846a6ce6701;D:\spring-boot-cli-3.2.4-bin\spring-3.2.4\bin;D:\chuyendetonghop\apache-maven-3.9.9-bin\apache-maven-3.9.9\bin;C:\ProgramData\ComposerSetup\bin;C:\Program Files\PuTTY\;C:\Program Files (x86)\ZeroTier\One\;D:\ki2_2025\thietkehethong\windows_10_cmake_Release_Graphviz-12.2.1-win64\Graphviz-12.2.1-win64\bin;C:\Program Files\WireGuard\;C:\Users\ADMIN\AppData\Local\nvm;C:\nvm4w\nodejs;C:\Program Files\Git\cmd;C:\Program Files\Docker\Docker\resources\bin;C:\Users\ADMIN\AppData\Local\Programs\Python\Python311\Scripts\;C:\Users\ADMIN\AppData\Local\Programs\Python\Python311\;C:\Users\ADMIN\AppData\Local\Microsoft\WindowsApps;C:\Program Files\Azure Data Studio\bin;C:\xampp\php;D:\ungdung\intellj_a\IntelliJ IDEA 2026.1\bin;C:\Program Files\JetBrains\IntelliJ IDEA Community Edition 2022.3\bin;;C:\Users\ADMIN\AppData\Roaming\Composer\vendor\bin;C:\Users\ADMIN\AppData\Roaming\npm;C:\Users\ADMIN\AppData\Local\GitHubDesktop\bin;C:\Users\ADMIN\AppData\Local\nvm;C:\nvm4w\nodejs;D:\ungdung\vscode\bin;D:\ungdung\Antigravity\bin
USERNAME=ADMIN
OS=Windows_NT
PROCESSOR_IDENTIFIER=Intel64 Family 6 Model 140 Stepping 2, GenuineIntel
TMP=C:\Users\ADMIN\AppData\Local\Temp
TEMP=C:\Users\ADMIN\AppData\Local\Temp




Periodic native trim disabled

---------------  S Y S T E M  ---------------

OS:
 Windows 11 , 64 bit Build 26100 (10.0.26100.8328)
OS uptime: 2 days 2:19 hours
Hyper-V role detected

CPU: total 8 (initial active 8) (4 cores per cpu, 2 threads per core) family 6 model 140 stepping 2 microcode 0x3c, cx8, cmov, fxsr, ht, mmx, 3dnowpref, sse, sse2, sse3, ssse3, sse4.1, sse4.2, popcnt, lzcnt, tsc, tscinvbit, avx, avx2, aes, erms, clmul, bmi1, bmi2, adx, avx512f, avx512dq, avx512cd, avx512bw, avx512vl, sha, fma, vzeroupper, avx512_vpopcntdq, avx512_vpclmulqdq, avx512_vaes, avx512_vnni, clflush, clflushopt, clwb, avx512_vbmi2, avx512_vbmi, hv, rdtscp, rdpid, fsrm, gfni, avx512_bitalg, f16c, cet_ibt, cet_ss, avx512_ifma
Processor Information for the first 8 processors :
  Max Mhz: 2496, Current Mhz: 2496, Mhz Limit: 2496

Memory: 4k page, system-wide physical 32506M (7431M free)
TotalPageFile size 36602M (AvailPageFile size 258M)
current process WorkingSet (physical memory assigned to process): 14M, peak: 14M
current process commit charge ("private bytes"): 61M, peak: 569M

vm_info: Java HotSpot(TM) 64-Bit Server VM (24.0.2+12-54) for windows-amd64 JRE (24.0.2+12-54), built on 2025-07-08T12:10:27Z with MS VC++ 17.6 (VS2022)

END.
