#
# There is insufficient memory for the Java Runtime Environment to continue.
# Native memory allocation (malloc) failed to allocate 12719632 bytes. Error detail: Chunk::new
# Possible reasons:
#   The system is out of physical RAM or swap space
#   This process is running with CompressedOops enabled, and the Java Heap may be blocking the growth of the native heap
# Possible solutions:
#   Reduce memory load on the system
#   Increase physical memory or swap space
#   Check if swap backing store is full
#   Decrease Java heap size (-Xmx/-Xms)
#   Decrease number of Java threads
#   Decrease Java thread stack sizes (-Xss)
#   Set larger code cache with -XX:ReservedCodeCacheSize=
#   JVM is running with Zero Based Compressed Oops mode in which the Java heap is
#     placed in the first 32GB address space. The Java Heap base address is the
#     maximum limit for the native heap growth. Please use -XX:HeapBaseMinAddress
#     to set the Java Heap base and to place the Java Heap above 32GB virtual address.
# This output file may be truncated or incomplete.
#
#  Out of Memory Error (arena.cpp:162), pid=19324, tid=27152
#
# JRE version: Java(TM) SE Runtime Environment (24.0.2+12) (build 24.0.2+12-54)
# Java VM: Java HotSpot(TM) 64-Bit Server VM (24.0.2+12-54, mixed mode, sharing, tiered, compressed oops, compressed class ptrs, g1 gc, windows-amd64)
# No core dump will be written. Minidumps are not enabled by default on client versions of Windows
#

---------------  S U M M A R Y ------------

Command Line: -Djdk.net.URLClassPath.disableClassPathURLCheck=true -javaagent:C:\Users\ADMIN\.m2\repository/net/bytebuddy/byte-buddy-agent/1.17.8/byte-buddy-agent-1.17.8.jar C:\Users\ADMIN\AppData\Local\Temp\surefire8663999854842619869\surefirebooter-20260517234820658_3.jar C:\Users\ADMIN\AppData\Local\Temp\surefire8663999854842619869 2026-05-17T23-48-20_471-jvmRun1 surefire-20260517234820658_1tmp surefire_0-20260517234820658_2tmp

Host: 11th Gen Intel(R) Core(TM) i5-11320H @ 3.20GHz, 8 cores, 31G,  Windows 11 , 64 bit Build 26100 (10.0.26100.8328)
Time: Sun May 17 23:48:23 2026 SE Asia Standard Time elapsed time: 2.679964 seconds (0d 0h 0m 2s)

---------------  T H R E A D  ---------------

Current thread (0x000002c245022890):  JavaThread "C2 CompilerThread0" daemon [_thread_in_native, id=27152, stack(0x000000f74a600000,0x000000f74a700000) (1024K)]


Current CompileTask:
C2:2680 3199       4       jdk.internal.classfile.impl.StackMapGenerator::processBlock (2767 bytes)

Stack: [0x000000f74a600000,0x000000f74a700000]
Native frames: (J=compiled Java code, j=interpreted, Vv=VM code, C=native code)
V  [jvm.dll+0x730829]  (no source info available)
V  [jvm.dll+0x8d9da3]  (no source info available)
V  [jvm.dll+0x8dc28d]  (no source info available)
V  [jvm.dll+0x8dc903]  (no source info available)
V  [jvm.dll+0x2a9f56]  (no source info available)
V  [jvm.dll+0xced7f]  (no source info available)
V  [jvm.dll+0xcefdf]  (no source info available)
V  [jvm.dll+0x154c83]  (no source info available)
V  [jvm.dll+0x73604f]  (no source info available)
V  [jvm.dll+0x26f8dc]  (no source info available)
V  [jvm.dll+0x26e8ff]  (no source info available)
V  [jvm.dll+0x1e9c90]  (no source info available)
V  [jvm.dll+0x27e0cb]  (no source info available)
V  [jvm.dll+0x27c36a]  (no source info available)
V  [jvm.dll+0x42f396]  (no source info available)
V  [jvm.dll+0x87d9eb]  (no source info available)
V  [jvm.dll+0x72ef45]  (no source info available)
C  [ucrtbase.dll+0x37b0]  (no source info available)
C  [KERNEL32.DLL+0x2e957]  (no source info available)
C  [ntdll.dll+0x427c]  (no source info available)

Lock stack of current Java thread (top to bottom):


---------------  P R O C E S S  ---------------

Threads class SMR info:
_java_thread_list=0x000002c246899520, length=16, elements={
0x000002c24a66c220, 0x000002c245009a00, 0x000002c24500a140, 0x000002c245011110,
0x000002c2450122e0, 0x000002c245014f10, 0x000002c2450172a0, 0x000002c245022890,
0x000002c245026af0, 0x000002c245016400, 0x000002c2452631d0, 0x000002c245263960,
0x000002c2450179f0, 0x000002c245015cb0, 0x000002c245018890, 0x000002c246176480
}

Java Threads: ( => current thread )
  0x000002c24a66c220 JavaThread "main"                              [_thread_in_vm, id=3952, stack(0x000000f749800000,0x000000f749900000) (1024K)]
  0x000002c245009a00 JavaThread "Reference Handler"          daemon [_thread_blocked, id=20344, stack(0x000000f74a000000,0x000000f74a100000) (1024K)]
  0x000002c24500a140 JavaThread "Finalizer"                  daemon [_thread_blocked, id=13536, stack(0x000000f74a100000,0x000000f74a200000) (1024K)]
  0x000002c245011110 JavaThread "Signal Dispatcher"          daemon [_thread_blocked, id=25984, stack(0x000000f74a200000,0x000000f74a300000) (1024K)]
  0x000002c2450122e0 JavaThread "Attach Listener"            daemon [_thread_blocked, id=8088, stack(0x000000f74a300000,0x000000f74a400000) (1024K)]
  0x000002c245014f10 JavaThread "Service Thread"             daemon [_thread_blocked, id=21712, stack(0x000000f74a400000,0x000000f74a500000) (1024K)]
  0x000002c2450172a0 JavaThread "Monitor Deflation Thread"   daemon [_thread_blocked, id=6540, stack(0x000000f74a500000,0x000000f74a600000) (1024K)]
=>0x000002c245022890 JavaThread "C2 CompilerThread0"         daemon [_thread_in_native, id=27152, stack(0x000000f74a600000,0x000000f74a700000) (1024K)]
  0x000002c245026af0 JavaThread "C1 CompilerThread0"         daemon [_thread_blocked, id=23072, stack(0x000000f74a700000,0x000000f74a800000) (1024K)]
  0x000002c245016400 JavaThread "Common-Cleaner"             daemon [_thread_blocked, id=8852, stack(0x000000f74a800000,0x000000f74a900000) (1024K)]
  0x000002c2452631d0 JavaThread "C2 CompilerThread1"         daemon [_thread_blocked, id=23100, stack(0x000000f74a900000,0x000000f74aa00000) (1024K)]
  0x000002c245263960 JavaThread "C2 CompilerThread2"         daemon [_thread_in_native, id=23376, stack(0x000000f74aa00000,0x000000f74ab00000) (1024K)]
  0x000002c2450179f0 JavaThread "Notification Thread"        daemon [_thread_blocked, id=16616, stack(0x000000f74ab00000,0x000000f74ac00000) (1024K)]
  0x000002c245015cb0 JavaThread "surefire-forkedjvm-stream-flusher" daemon [_thread_blocked, id=6244, stack(0x000000f74ac00000,0x000000f74ad00000) (1024K)]
  0x000002c245018890 JavaThread "surefire-forkedjvm-command-thread" daemon [_thread_in_native, id=18480, stack(0x000000f74ad00000,0x000000f74ae00000) (1024K)]
  0x000002c246176480 JavaThread "background-preinit"                [_thread_in_vm, id=24560, stack(0x000000f74b500000,0x000000f74b600000) (1024K)]
Total: 16

Other Threads:
  0x000002c26e87dc40 VMThread "VM Thread"                           [id=8752, stack(0x000000f749f00000,0x000000f74a000000) (1024K)]
  0x000002c26e86cb80 WatcherThread "VM Periodic Task Thread"        [id=19188, stack(0x000000f749e00000,0x000000f749f00000) (1024K)]
  0x000002c24cb89bc0 WorkerThread "GC Thread#0"                     [id=21616, stack(0x000000f749900000,0x000000f749a00000) (1024K)]
  0x000002c245fc2510 WorkerThread "GC Thread#1"                     [id=24956, stack(0x000000f74ae00000,0x000000f74af00000) (1024K)]
  0x000002c245fc28c0 WorkerThread "GC Thread#2"                     [id=18296, stack(0x000000f74af00000,0x000000f74b000000) (1024K)]
  0x000002c245fc3070 WorkerThread "GC Thread#3"                     [id=25148, stack(0x000000f74b000000,0x000000f74b100000) (1024K)]
  0x000002c245fc3420 WorkerThread "GC Thread#4"                     [id=18540, stack(0x000000f74b100000,0x000000f74b200000) (1024K)]
  0x000002c246f40f30 WorkerThread "GC Thread#5"                     [id=5140, stack(0x000000f74b200000,0x000000f74b300000) (1024K)]
  0x000002c246daf5a0 WorkerThread "GC Thread#6"                     [id=18120, stack(0x000000f74b300000,0x000000f74b400000) (1024K)]
  0x000002c24695e290 WorkerThread "GC Thread#7"                     [id=25224, stack(0x000000f74b400000,0x000000f74b500000) (1024K)]
  0x000002c24cb9e990 ConcurrentGCThread "G1 Main Marker"            [id=10164, stack(0x000000f749a00000,0x000000f749b00000) (1024K)]
  0x000002c26e6805d0 WorkerThread "G1 Conc#0"                       [id=21132, stack(0x000000f749b00000,0x000000f749c00000) (1024K)]
  0x000002c26e726fe0 ConcurrentGCThread "G1 Refine#0"               [id=20912, stack(0x000000f749c00000,0x000000f749d00000) (1024K)]
  0x000002c26e727b60 ConcurrentGCThread "G1 Service"                [id=22452, stack(0x000000f749d00000,0x000000f749e00000) (1024K)]
Total: 14

Threads with active compile tasks:
C2 CompilerThread0  2738 3199       4       jdk.internal.classfile.impl.StackMapGenerator::processBlock (2767 bytes)
C2 CompilerThread2  2738 3266       4       sun.util.locale.BaseLocale::getInstance (160 bytes)
Total: 2

VM state: not at safepoint (normal execution)

VM Mutex/Monitor currently owned by a thread: None

Heap address: 0x0000000604000000, size: 8128 MB, Compressed Oops mode: Zero based, Oop shift amount: 3

CDS archive(s) mapped at: [0x000002c200000000-0x000002c200d40000-0x000002c200d40000), size 13893632, SharedBaseAddress: 0x000002c200000000, ArchiveRelocationMode: 1.
Compressed class space mapped at: 0x000002c201000000-0x000002c241000000, reserved size: 1073741824
UseCompressedClassPointers 1, UseCompactObjectHeaders 0
Narrow klass pointer bits 32, Max shift 3
Narrow klass base: 0x000002c200000000, Narrow klass shift: 0
Encoding Range: [0x000002c200000000 - 0x000002c300000000), (4294967296 bytes)
Klass Range:    [0x000002c200000000 - 0x000002c241000000), (1090519040 bytes)
Klass ID Range:  [8 - 1090519033) (1090519025)

GC Precious Log:
 CardTable entry size: 512
 Card Set container configuration: InlinePtr #cards 4 size 8 Array Of Cards #cards 32 size 80 Howl #buckets 8 coarsen threshold 7372 Howl Bitmap #cards 1024 size 144 coarsen threshold 921 Card regions per heap region 1 cards per card region 8192
 CPUs: 8 total, 8 available
 Memory: 32506M
 Large Page Support: Disabled
 NUMA Support: Disabled
 Compressed Oops: Enabled (Zero based)
 Heap Region Size: 4M
 Heap Min Capacity: 8M
 Heap Initial Capacity: 508M
 Heap Max Capacity: 8128M
 Pre-touch: Disabled
 Parallel Workers: 8
 Concurrent Workers: 2
 Concurrent Refinement Workers: 8
 Periodic GC: Disabled

Heap:
 garbage-first heap   total reserved 8323072K, committed 524288K, used 64957K [0x0000000604000000, 0x0000000800000000)
  region size 4096K, 16 young (65536K), 2 survivors (8192K)
 Metaspace       used 20442K, committed 20800K, reserved 1114112K
  class space    used 2239K, committed 2368K, reserved 1048576K

Heap Regions: E=young(eden), S=young(survivor), O=old, HS=humongous(starts), HC=humongous(continues), CS=collection set, F=free, TAMS=top-at-mark-start, PB=parsable bottom
|   0|0x0000000604000000, 0x00000006042523b0, 0x0000000604400000| 58%| O|  |TAMS 0x0000000604000000| PB 0x0000000604000000| Untracked |  0
|   1|0x0000000604400000, 0x0000000604400000, 0x0000000604800000|  0%| F|  |TAMS 0x0000000604400000| PB 0x0000000604400000| Untracked |  0
|   2|0x0000000604800000, 0x0000000604800000, 0x0000000604c00000|  0%| F|  |TAMS 0x0000000604800000| PB 0x0000000604800000| Untracked |  0
|   3|0x0000000604c00000, 0x0000000604c00000, 0x0000000605000000|  0%| F|  |TAMS 0x0000000604c00000| PB 0x0000000604c00000| Untracked |  0
|   4|0x0000000605000000, 0x0000000605000000, 0x0000000605400000|  0%| F|  |TAMS 0x0000000605000000| PB 0x0000000605000000| Untracked |  0
|   5|0x0000000605400000, 0x0000000605400000, 0x0000000605800000|  0%| F|  |TAMS 0x0000000605400000| PB 0x0000000605400000| Untracked |  0
|   6|0x0000000605800000, 0x0000000605800000, 0x0000000605c00000|  0%| F|  |TAMS 0x0000000605800000| PB 0x0000000605800000| Untracked |  0
|   7|0x0000000605c00000, 0x0000000605c00000, 0x0000000606000000|  0%| F|  |TAMS 0x0000000605c00000| PB 0x0000000605c00000| Untracked |  0
|   8|0x0000000606000000, 0x0000000606000000, 0x0000000606400000|  0%| F|  |TAMS 0x0000000606000000| PB 0x0000000606000000| Untracked |  0
|   9|0x0000000606400000, 0x0000000606400000, 0x0000000606800000|  0%| F|  |TAMS 0x0000000606400000| PB 0x0000000606400000| Untracked |  0
|  10|0x0000000606800000, 0x0000000606800000, 0x0000000606c00000|  0%| F|  |TAMS 0x0000000606800000| PB 0x0000000606800000| Untracked |  0
|  11|0x0000000606c00000, 0x0000000606c00000, 0x0000000607000000|  0%| F|  |TAMS 0x0000000606c00000| PB 0x0000000606c00000| Untracked |  0
|  12|0x0000000607000000, 0x0000000607000000, 0x0000000607400000|  0%| F|  |TAMS 0x0000000607000000| PB 0x0000000607000000| Untracked |  0
|  13|0x0000000607400000, 0x0000000607400000, 0x0000000607800000|  0%| F|  |TAMS 0x0000000607400000| PB 0x0000000607400000| Untracked |  0
|  14|0x0000000607800000, 0x0000000607800000, 0x0000000607c00000|  0%| F|  |TAMS 0x0000000607800000| PB 0x0000000607800000| Untracked |  0
|  15|0x0000000607c00000, 0x0000000607c00000, 0x0000000608000000|  0%| F|  |TAMS 0x0000000607c00000| PB 0x0000000607c00000| Untracked |  0
|  16|0x0000000608000000, 0x0000000608000000, 0x0000000608400000|  0%| F|  |TAMS 0x0000000608000000| PB 0x0000000608000000| Untracked |  0
|  17|0x0000000608400000, 0x0000000608400000, 0x0000000608800000|  0%| F|  |TAMS 0x0000000608400000| PB 0x0000000608400000| Untracked |  0
|  18|0x0000000608800000, 0x0000000608800000, 0x0000000608c00000|  0%| F|  |TAMS 0x0000000608800000| PB 0x0000000608800000| Untracked |  0
|  19|0x0000000608c00000, 0x0000000608c00000, 0x0000000609000000|  0%| F|  |TAMS 0x0000000608c00000| PB 0x0000000608c00000| Untracked |  0
|  20|0x0000000609000000, 0x0000000609000000, 0x0000000609400000|  0%| F|  |TAMS 0x0000000609000000| PB 0x0000000609000000| Untracked |  0
|  21|0x0000000609400000, 0x0000000609400000, 0x0000000609800000|  0%| F|  |TAMS 0x0000000609400000| PB 0x0000000609400000| Untracked |  0
|  22|0x0000000609800000, 0x0000000609800000, 0x0000000609c00000|  0%| F|  |TAMS 0x0000000609800000| PB 0x0000000609800000| Untracked |  0
|  23|0x0000000609c00000, 0x0000000609c00000, 0x000000060a000000|  0%| F|  |TAMS 0x0000000609c00000| PB 0x0000000609c00000| Untracked |  0
|  24|0x000000060a000000, 0x000000060a000000, 0x000000060a400000|  0%| F|  |TAMS 0x000000060a000000| PB 0x000000060a000000| Untracked |  0
|  25|0x000000060a400000, 0x000000060a400000, 0x000000060a800000|  0%| F|  |TAMS 0x000000060a400000| PB 0x000000060a400000| Untracked |  0
|  26|0x000000060a800000, 0x000000060a800000, 0x000000060ac00000|  0%| F|  |TAMS 0x000000060a800000| PB 0x000000060a800000| Untracked |  0
|  27|0x000000060ac00000, 0x000000060ac00000, 0x000000060b000000|  0%| F|  |TAMS 0x000000060ac00000| PB 0x000000060ac00000| Untracked |  0
|  28|0x000000060b000000, 0x000000060b000000, 0x000000060b400000|  0%| F|  |TAMS 0x000000060b000000| PB 0x000000060b000000| Untracked |  0
|  29|0x000000060b400000, 0x000000060b400000, 0x000000060b800000|  0%| F|  |TAMS 0x000000060b400000| PB 0x000000060b400000| Untracked |  0
|  30|0x000000060b800000, 0x000000060b800000, 0x000000060bc00000|  0%| F|  |TAMS 0x000000060b800000| PB 0x000000060b800000| Untracked |  0
|  31|0x000000060bc00000, 0x000000060bc00000, 0x000000060c000000|  0%| F|  |TAMS 0x000000060bc00000| PB 0x000000060bc00000| Untracked |  0
|  32|0x000000060c000000, 0x000000060c000000, 0x000000060c400000|  0%| F|  |TAMS 0x000000060c000000| PB 0x000000060c000000| Untracked |  0
|  33|0x000000060c400000, 0x000000060c400000, 0x000000060c800000|  0%| F|  |TAMS 0x000000060c400000| PB 0x000000060c400000| Untracked |  0
|  34|0x000000060c800000, 0x000000060c800000, 0x000000060cc00000|  0%| F|  |TAMS 0x000000060c800000| PB 0x000000060c800000| Untracked |  0
|  35|0x000000060cc00000, 0x000000060cc00000, 0x000000060d000000|  0%| F|  |TAMS 0x000000060cc00000| PB 0x000000060cc00000| Untracked |  0
|  36|0x000000060d000000, 0x000000060d000000, 0x000000060d400000|  0%| F|  |TAMS 0x000000060d000000| PB 0x000000060d000000| Untracked |  0
|  37|0x000000060d400000, 0x000000060d400000, 0x000000060d800000|  0%| F|  |TAMS 0x000000060d400000| PB 0x000000060d400000| Untracked |  0
|  38|0x000000060d800000, 0x000000060d800000, 0x000000060dc00000|  0%| F|  |TAMS 0x000000060d800000| PB 0x000000060d800000| Untracked |  0
|  39|0x000000060dc00000, 0x000000060dc00000, 0x000000060e000000|  0%| F|  |TAMS 0x000000060dc00000| PB 0x000000060dc00000| Untracked |  0
|  40|0x000000060e000000, 0x000000060e000000, 0x000000060e400000|  0%| F|  |TAMS 0x000000060e000000| PB 0x000000060e000000| Untracked |  0
|  41|0x000000060e400000, 0x000000060e400000, 0x000000060e800000|  0%| F|  |TAMS 0x000000060e400000| PB 0x000000060e400000| Untracked |  0
|  42|0x000000060e800000, 0x000000060e800000, 0x000000060ec00000|  0%| F|  |TAMS 0x000000060e800000| PB 0x000000060e800000| Untracked |  0
|  43|0x000000060ec00000, 0x000000060ec00000, 0x000000060f000000|  0%| F|  |TAMS 0x000000060ec00000| PB 0x000000060ec00000| Untracked |  0
|  44|0x000000060f000000, 0x000000060f000000, 0x000000060f400000|  0%| F|  |TAMS 0x000000060f000000| PB 0x000000060f000000| Untracked |  0
|  45|0x000000060f400000, 0x000000060f400000, 0x000000060f800000|  0%| F|  |TAMS 0x000000060f400000| PB 0x000000060f400000| Untracked |  0
|  46|0x000000060f800000, 0x000000060f800000, 0x000000060fc00000|  0%| F|  |TAMS 0x000000060f800000| PB 0x000000060f800000| Untracked |  0
|  47|0x000000060fc00000, 0x000000060fc00000, 0x0000000610000000|  0%| F|  |TAMS 0x000000060fc00000| PB 0x000000060fc00000| Untracked |  0
|  48|0x0000000610000000, 0x0000000610000000, 0x0000000610400000|  0%| F|  |TAMS 0x0000000610000000| PB 0x0000000610000000| Untracked |  0
|  49|0x0000000610400000, 0x0000000610400000, 0x0000000610800000|  0%| F|  |TAMS 0x0000000610400000| PB 0x0000000610400000| Untracked |  0
|  50|0x0000000610800000, 0x0000000610800000, 0x0000000610c00000|  0%| F|  |TAMS 0x0000000610800000| PB 0x0000000610800000| Untracked |  0
|  51|0x0000000610c00000, 0x0000000610c00000, 0x0000000611000000|  0%| F|  |TAMS 0x0000000610c00000| PB 0x0000000610c00000| Untracked |  0
|  52|0x0000000611000000, 0x0000000611000000, 0x0000000611400000|  0%| F|  |TAMS 0x0000000611000000| PB 0x0000000611000000| Untracked |  0
|  53|0x0000000611400000, 0x0000000611400000, 0x0000000611800000|  0%| F|  |TAMS 0x0000000611400000| PB 0x0000000611400000| Untracked |  0
|  54|0x0000000611800000, 0x0000000611800000, 0x0000000611c00000|  0%| F|  |TAMS 0x0000000611800000| PB 0x0000000611800000| Untracked |  0
|  55|0x0000000611c00000, 0x0000000611c00000, 0x0000000612000000|  0%| F|  |TAMS 0x0000000611c00000| PB 0x0000000611c00000| Untracked |  0
|  56|0x0000000612000000, 0x0000000612000000, 0x0000000612400000|  0%| F|  |TAMS 0x0000000612000000| PB 0x0000000612000000| Untracked |  0
|  57|0x0000000612400000, 0x0000000612400000, 0x0000000612800000|  0%| F|  |TAMS 0x0000000612400000| PB 0x0000000612400000| Untracked |  0
|  58|0x0000000612800000, 0x0000000612800000, 0x0000000612c00000|  0%| F|  |TAMS 0x0000000612800000| PB 0x0000000612800000| Untracked |  0
|  59|0x0000000612c00000, 0x0000000612c00000, 0x0000000613000000|  0%| F|  |TAMS 0x0000000612c00000| PB 0x0000000612c00000| Untracked |  0
|  60|0x0000000613000000, 0x0000000613000000, 0x0000000613400000|  0%| F|  |TAMS 0x0000000613000000| PB 0x0000000613000000| Untracked |  0
|  61|0x0000000613400000, 0x0000000613400000, 0x0000000613800000|  0%| F|  |TAMS 0x0000000613400000| PB 0x0000000613400000| Untracked |  0
|  62|0x0000000613800000, 0x0000000613800000, 0x0000000613c00000|  0%| F|  |TAMS 0x0000000613800000| PB 0x0000000613800000| Untracked |  0
|  63|0x0000000613c00000, 0x0000000613c00000, 0x0000000614000000|  0%| F|  |TAMS 0x0000000613c00000| PB 0x0000000613c00000| Untracked |  0
|  64|0x0000000614000000, 0x0000000614000000, 0x0000000614400000|  0%| F|  |TAMS 0x0000000614000000| PB 0x0000000614000000| Untracked |  0
|  65|0x0000000614400000, 0x0000000614400000, 0x0000000614800000|  0%| F|  |TAMS 0x0000000614400000| PB 0x0000000614400000| Untracked |  0
|  66|0x0000000614800000, 0x0000000614800000, 0x0000000614c00000|  0%| F|  |TAMS 0x0000000614800000| PB 0x0000000614800000| Untracked |  0
|  67|0x0000000614c00000, 0x0000000614c00000, 0x0000000615000000|  0%| F|  |TAMS 0x0000000614c00000| PB 0x0000000614c00000| Untracked |  0
|  68|0x0000000615000000, 0x0000000615000000, 0x0000000615400000|  0%| F|  |TAMS 0x0000000615000000| PB 0x0000000615000000| Untracked |  0
|  69|0x0000000615400000, 0x0000000615400000, 0x0000000615800000|  0%| F|  |TAMS 0x0000000615400000| PB 0x0000000615400000| Untracked |  0
|  70|0x0000000615800000, 0x0000000615800000, 0x0000000615c00000|  0%| F|  |TAMS 0x0000000615800000| PB 0x0000000615800000| Untracked |  0
|  71|0x0000000615c00000, 0x0000000615c00000, 0x0000000616000000|  0%| F|  |TAMS 0x0000000615c00000| PB 0x0000000615c00000| Untracked |  0
|  72|0x0000000616000000, 0x0000000616000000, 0x0000000616400000|  0%| F|  |TAMS 0x0000000616000000| PB 0x0000000616000000| Untracked |  0
|  73|0x0000000616400000, 0x0000000616400000, 0x0000000616800000|  0%| F|  |TAMS 0x0000000616400000| PB 0x0000000616400000| Untracked |  0
|  74|0x0000000616800000, 0x0000000616800000, 0x0000000616c00000|  0%| F|  |TAMS 0x0000000616800000| PB 0x0000000616800000| Untracked |  0
|  75|0x0000000616c00000, 0x0000000616c00000, 0x0000000617000000|  0%| F|  |TAMS 0x0000000616c00000| PB 0x0000000616c00000| Untracked |  0
|  76|0x0000000617000000, 0x0000000617000000, 0x0000000617400000|  0%| F|  |TAMS 0x0000000617000000| PB 0x0000000617000000| Untracked |  0
|  77|0x0000000617400000, 0x0000000617400000, 0x0000000617800000|  0%| F|  |TAMS 0x0000000617400000| PB 0x0000000617400000| Untracked |  0
|  78|0x0000000617800000, 0x0000000617800000, 0x0000000617c00000|  0%| F|  |TAMS 0x0000000617800000| PB 0x0000000617800000| Untracked |  0
|  79|0x0000000617c00000, 0x0000000617c00000, 0x0000000618000000|  0%| F|  |TAMS 0x0000000617c00000| PB 0x0000000617c00000| Untracked |  0
|  80|0x0000000618000000, 0x0000000618000000, 0x0000000618400000|  0%| F|  |TAMS 0x0000000618000000| PB 0x0000000618000000| Untracked |  0
|  81|0x0000000618400000, 0x0000000618400000, 0x0000000618800000|  0%| F|  |TAMS 0x0000000618400000| PB 0x0000000618400000| Untracked |  0
|  82|0x0000000618800000, 0x0000000618800000, 0x0000000618c00000|  0%| F|  |TAMS 0x0000000618800000| PB 0x0000000618800000| Untracked |  0
|  83|0x0000000618c00000, 0x0000000618c00000, 0x0000000619000000|  0%| F|  |TAMS 0x0000000618c00000| PB 0x0000000618c00000| Untracked |  0
|  84|0x0000000619000000, 0x0000000619000000, 0x0000000619400000|  0%| F|  |TAMS 0x0000000619000000| PB 0x0000000619000000| Untracked |  0
|  85|0x0000000619400000, 0x0000000619400000, 0x0000000619800000|  0%| F|  |TAMS 0x0000000619400000| PB 0x0000000619400000| Untracked |  0
|  86|0x0000000619800000, 0x0000000619800000, 0x0000000619c00000|  0%| F|  |TAMS 0x0000000619800000| PB 0x0000000619800000| Untracked |  0
|  87|0x0000000619c00000, 0x0000000619c00000, 0x000000061a000000|  0%| F|  |TAMS 0x0000000619c00000| PB 0x0000000619c00000| Untracked |  0
|  88|0x000000061a000000, 0x000000061a000000, 0x000000061a400000|  0%| F|  |TAMS 0x000000061a000000| PB 0x000000061a000000| Untracked |  0
|  89|0x000000061a400000, 0x000000061a400000, 0x000000061a800000|  0%| F|  |TAMS 0x000000061a400000| PB 0x000000061a400000| Untracked |  0
|  90|0x000000061a800000, 0x000000061a800000, 0x000000061ac00000|  0%| F|  |TAMS 0x000000061a800000| PB 0x000000061a800000| Untracked |  0
|  91|0x000000061ac00000, 0x000000061ac00000, 0x000000061b000000|  0%| F|  |TAMS 0x000000061ac00000| PB 0x000000061ac00000| Untracked |  0
|  92|0x000000061b000000, 0x000000061b000000, 0x000000061b400000|  0%| F|  |TAMS 0x000000061b000000| PB 0x000000061b000000| Untracked |  0
|  93|0x000000061b400000, 0x000000061b400000, 0x000000061b800000|  0%| F|  |TAMS 0x000000061b400000| PB 0x000000061b400000| Untracked |  0
|  94|0x000000061b800000, 0x000000061b800000, 0x000000061bc00000|  0%| F|  |TAMS 0x000000061b800000| PB 0x000000061b800000| Untracked |  0
|  95|0x000000061bc00000, 0x000000061bc00000, 0x000000061c000000|  0%| F|  |TAMS 0x000000061bc00000| PB 0x000000061bc00000| Untracked |  0
|  96|0x000000061c000000, 0x000000061c000000, 0x000000061c400000|  0%| F|  |TAMS 0x000000061c000000| PB 0x000000061c000000| Untracked |  0
|  97|0x000000061c400000, 0x000000061c400000, 0x000000061c800000|  0%| F|  |TAMS 0x000000061c400000| PB 0x000000061c400000| Untracked |  0
|  98|0x000000061c800000, 0x000000061c800000, 0x000000061cc00000|  0%| F|  |TAMS 0x000000061c800000| PB 0x000000061c800000| Untracked |  0
|  99|0x000000061cc00000, 0x000000061cc00000, 0x000000061d000000|  0%| F|  |TAMS 0x000000061cc00000| PB 0x000000061cc00000| Untracked |  0
| 100|0x000000061d000000, 0x000000061d000000, 0x000000061d400000|  0%| F|  |TAMS 0x000000061d000000| PB 0x000000061d000000| Untracked |  0
| 101|0x000000061d400000, 0x000000061d400000, 0x000000061d800000|  0%| F|  |TAMS 0x000000061d400000| PB 0x000000061d400000| Untracked |  0
| 102|0x000000061d800000, 0x000000061d800000, 0x000000061dc00000|  0%| F|  |TAMS 0x000000061d800000| PB 0x000000061d800000| Untracked |  0
| 103|0x000000061dc00000, 0x000000061dc00000, 0x000000061e000000|  0%| F|  |TAMS 0x000000061dc00000| PB 0x000000061dc00000| Untracked |  0
| 104|0x000000061e000000, 0x000000061e000000, 0x000000061e400000|  0%| F|  |TAMS 0x000000061e000000| PB 0x000000061e000000| Untracked |  0
| 105|0x000000061e400000, 0x000000061e400000, 0x000000061e800000|  0%| F|  |TAMS 0x000000061e400000| PB 0x000000061e400000| Untracked |  0
| 106|0x000000061e800000, 0x000000061e800000, 0x000000061ec00000|  0%| F|  |TAMS 0x000000061e800000| PB 0x000000061e800000| Untracked |  0
| 107|0x000000061ec00000, 0x000000061ec00000, 0x000000061f000000|  0%| F|  |TAMS 0x000000061ec00000| PB 0x000000061ec00000| Untracked |  0
| 108|0x000000061f000000, 0x000000061f000000, 0x000000061f400000|  0%| F|  |TAMS 0x000000061f000000| PB 0x000000061f000000| Untracked |  0
| 109|0x000000061f400000, 0x000000061f400000, 0x000000061f800000|  0%| F|  |TAMS 0x000000061f400000| PB 0x000000061f400000| Untracked |  0
| 110|0x000000061f800000, 0x000000061f800000, 0x000000061fc00000|  0%| F|  |TAMS 0x000000061f800000| PB 0x000000061f800000| Untracked |  0
| 111|0x000000061fc00000, 0x000000061ffc97a0, 0x0000000620000000| 94%| E|  |TAMS 0x000000061fc00000| PB 0x000000061fc00000| Complete |  0
| 112|0x0000000620000000, 0x0000000620400000, 0x0000000620400000|100%| E|CS|TAMS 0x0000000620000000| PB 0x0000000620000000| Complete |  0
| 113|0x0000000620400000, 0x0000000620800000, 0x0000000620800000|100%| S|CS|TAMS 0x0000000620400000| PB 0x0000000620400000| Complete |  0
| 114|0x0000000620800000, 0x0000000620c00000, 0x0000000620c00000|100%| S|CS|TAMS 0x0000000620800000| PB 0x0000000620800000| Complete |  0
| 115|0x0000000620c00000, 0x0000000621000000, 0x0000000621000000|100%| E|CS|TAMS 0x0000000620c00000| PB 0x0000000620c00000| Complete |  0
| 116|0x0000000621000000, 0x0000000621400000, 0x0000000621400000|100%| E|CS|TAMS 0x0000000621000000| PB 0x0000000621000000| Complete |  0
| 117|0x0000000621400000, 0x0000000621800000, 0x0000000621800000|100%| E|CS|TAMS 0x0000000621400000| PB 0x0000000621400000| Complete |  0
| 118|0x0000000621800000, 0x0000000621c00000, 0x0000000621c00000|100%| E|CS|TAMS 0x0000000621800000| PB 0x0000000621800000| Complete |  0
| 119|0x0000000621c00000, 0x0000000622000000, 0x0000000622000000|100%| E|CS|TAMS 0x0000000621c00000| PB 0x0000000621c00000| Complete |  0
| 120|0x0000000622000000, 0x0000000622400000, 0x0000000622400000|100%| E|CS|TAMS 0x0000000622000000| PB 0x0000000622000000| Complete |  0
| 121|0x0000000622400000, 0x0000000622800000, 0x0000000622800000|100%| E|CS|TAMS 0x0000000622400000| PB 0x0000000622400000| Complete |  0
| 122|0x0000000622800000, 0x0000000622c00000, 0x0000000622c00000|100%| E|CS|TAMS 0x0000000622800000| PB 0x0000000622800000| Complete |  0
| 123|0x0000000622c00000, 0x0000000623000000, 0x0000000623000000|100%| E|CS|TAMS 0x0000000622c00000| PB 0x0000000622c00000| Complete |  0
| 124|0x0000000623000000, 0x0000000623400000, 0x0000000623400000|100%| E|CS|TAMS 0x0000000623000000| PB 0x0000000623000000| Complete |  0
| 125|0x0000000623400000, 0x0000000623800000, 0x0000000623800000|100%| E|CS|TAMS 0x0000000623400000| PB 0x0000000623400000| Complete |  0
| 126|0x0000000623800000, 0x0000000623c00000, 0x0000000623c00000|100%| E|CS|TAMS 0x0000000623800000| PB 0x0000000623800000| Complete |  0
|2031|0x00000007ffc00000, 0x00000007ffd1d248, 0x0000000800000000| 27%| O|  |TAMS 0x00000007ffc00000| PB 0x00000007ffc00000| Untracked |  0

Card table byte_map: [0x000002c2657a0000,0x000002c266780000] _byte_map_base: 0x000002c262780000

Marking Bits: (CMBitMap*) 0x000002c24cb8a2d0
 Bits: [0x000002c266780000, 0x000002c26e680000)

Polling page: 0x000002c24a8d0000

Metaspace:

Usage:
  Non-class:     17.90 MB used.
      Class:      2.20 MB used.
       Both:     20.11 MB used.

Virtual space:
  Non-class space:       64.00 MB reserved,      18.12 MB ( 28%) committed,  1 nodes.
      Class space:        1.00 GB reserved,       2.31 MB ( <1%) committed,  1 nodes.
             Both:        1.06 GB reserved,      20.44 MB (  2%) committed. 

Chunk freelists:
   Non-Class:  13.36 MB
       Class:  13.69 MB
        Both:  27.05 MB

MaxMetaspaceSize: unlimited
CompressedClassSpaceSize: 1.00 GB
Initial GC threshold: 21.00 MB
Current GC threshold: 21.00 MB
CDS: on
 - commit_granule_bytes: 65536.
 - commit_granule_words: 8192.
 - virtual_space_node_default_size: 8388608.
 - enlarge_chunks_in_place: 1.
UseCompressedClassPointers 1, UseCompactObjectHeaders 0
Narrow klass pointer bits 32, Max shift 3
Narrow klass base: 0x000002c200000000, Narrow klass shift: 0
Encoding Range: [0x000002c200000000 - 0x000002c300000000), (4294967296 bytes)
Klass Range:    [0x000002c200000000 - 0x000002c241000000), (1090519040 bytes)
Klass ID Range:  [8 - 1090519033) (1090519025)


Internal statistics:

num_allocs_failed_limit: 0.
num_arena_births: 308.
num_arena_deaths: 0.
num_vsnodes_births: 2.
num_vsnodes_deaths: 0.
num_space_committed: 327.
num_space_uncommitted: 0.
num_chunks_returned_to_freelist: 0.
num_chunks_taken_from_freelist: 1027.
num_chunk_merges: 0.
num_chunk_splits: 667.
num_chunks_enlarged: 491.
num_inconsistent_stats: 0.

CodeHeap 'non-profiled nmethods': size=120064Kb used=1371Kb max_used=1371Kb free=118692Kb
 bounds [0x000002c25ce40000, 0x000002c25d0b0000, 0x000002c264380000]
CodeHeap 'profiled nmethods': size=120000Kb used=5323Kb max_used=5323Kb free=114676Kb
 bounds [0x000002c255380000, 0x000002c2558c0000, 0x000002c25c8b0000]
CodeHeap 'non-nmethods': size=5696Kb used=1468Kb max_used=1592Kb free=4227Kb
 bounds [0x000002c25c8b0000, 0x000002c25cb20000, 0x000002c25ce40000]
CodeCache: size=245760Kb, used=8162Kb, max_used=8286Kb, free=237595Kb
 total_blobs=3781, nmethods=3270, adapters=415, full_count=0
Compilation: enabled, stopped_count=0, restarted_count=0

Compilation events (20 events):
Event: 2.235 Thread 0x000002c245026af0 3236       3       org.springframework.core.annotation.MergedAnnotations::from (41 bytes)
Event: 2.235 Thread 0x000002c245026af0 nmethod 3236 0x000002c2558a4c88 code [0x000002c2558a4e40, 0x000002c2558a5610]
Event: 2.235 Thread 0x000002c245026af0 3237       3       org.springframework.core.annotation.TypeMappedAnnotations::from (27 bytes)
Event: 2.235 Thread 0x000002c245026af0 nmethod 3237 0x000002c2558a5688 code [0x000002c2558a57c0, 0x000002c2558a5a30]
Event: 2.235 Thread 0x000002c245026af0 3238       1       sun.reflect.generics.repository.AbstractRepository::getFactory (5 bytes)
Event: 2.235 Thread 0x000002c245026af0 nmethod 3238 0x000002c25cf8ba88 code [0x000002c25cf8bb80, 0x000002c25cf8bc48]
Event: 2.238 Thread 0x000002c245026af0 3239       3       org.springframework.boot.context.properties.source.ConfigurationPropertyName$$Lambda/0x000002c2011bb9b0::apply (9 bytes)
Event: 2.239 Thread 0x000002c245026af0 nmethod 3239 0x000002c2558a5a88 code [0x000002c2558a5bc0, 0x000002c2558a5df0]
Event: 2.239 Thread 0x000002c245026af0 3240       3       org.springframework.boot.context.properties.source.ConfigurationPropertyName::lambda$buildToString$0 (9 bytes)
Event: 2.239 Thread 0x000002c245026af0 nmethod 3240 0x000002c2558a5e88 code [0x000002c2558a5fa0, 0x000002c2558a6168]
Event: 2.239 Thread 0x000002c245026af0 3241       3       org.springframework.boot.context.properties.source.ConfigurationPropertyName$$Lambda/0x000002c2011b9000::apply (9 bytes)
Event: 2.239 Thread 0x000002c245026af0 nmethod 3241 0x000002c2558a6188 code [0x000002c2558a62c0, 0x000002c2558a65c0]
Event: 2.239 Thread 0x000002c245026af0 3242       3       org.springframework.boot.context.properties.source.ConfigurationPropertyName::lambda$buildToString$1 (16 bytes)
Event: 2.239 Thread 0x000002c245026af0 nmethod 3242 0x000002c2558a6608 code [0x000002c2558a6740, 0x000002c2558a69d0]
Event: 2.240 Thread 0x000002c245026af0 3243       3       sun.reflect.generics.reflectiveObjects.ParameterizedTypeImpl::hashCode (24 bytes)
Event: 2.241 Thread 0x000002c245026af0 nmethod 3243 0x000002c2558a6a08 code [0x000002c2558a6b60, 0x000002c2558a7048]
Event: 2.241 Thread 0x000002c245026af0 3244       3       java.lang.AbstractStringBuilder::<init> (63 bytes)
Event: 2.241 Thread 0x000002c245263960 3245       4       java.lang.String::<init> (10 bytes)
Event: 2.241 Thread 0x000002c245026af0 nmethod 3244 0x000002c2558a7088 code [0x000002c2558a7200, 0x000002c2558a79e8]
Event: 2.675 Thread 0x000002c245263960 nmethod 3245 0x000002c25cf8bd88 code [0x000002c25cf8bea0, 0x000002c25cf8c200]

GC Heap History (2 events):
Event: 0.962 GC heap before
{Heap before GC invocations=0 (full 0):
 garbage-first heap   total reserved 8323072K, committed 524288K, used 50292K [0x0000000604000000, 0x0000000800000000)
  region size 4096K, 12 young (49152K), 0 survivors (0K)
 Metaspace       used 7338K, committed 7616K, reserved 1114112K
  class space    used 755K, committed 896K, reserved 1048576K
}
Event: 0.966 GC heap after
{Heap after GC invocations=1 (full 0):
 garbage-first heap   total reserved 8323072K, committed 524288K, used 11709K [0x0000000604000000, 0x0000000800000000)
  region size 4096K, 2 young (8192K), 2 survivors (8192K)
 Metaspace       used 7338K, committed 7616K, reserved 1114112K
  class space    used 755K, committed 896K, reserved 1048576K
}

Dll operation events (10 events):
Event: 0.015 Loaded shared library C:\Program Files\Java\jdk-24\bin\java.dll
Event: 0.048 Loaded shared library C:\Program Files\Java\jdk-24\bin\jsvml.dll
Event: 0.082 Loaded shared library C:\Program Files\Java\jdk-24\bin\zip.dll
Event: 0.086 Loaded shared library C:\Program Files\Java\jdk-24\bin\instrument.dll
Event: 0.090 Loaded shared library C:\Program Files\Java\jdk-24\bin\net.dll
Event: 0.092 Loaded shared library C:\Program Files\Java\jdk-24\bin\nio.dll
Event: 0.094 Loaded shared library C:\Program Files\Java\jdk-24\bin\zip.dll
Event: 0.249 Loaded shared library C:\Program Files\Java\jdk-24\bin\management.dll
Event: 0.253 Loaded shared library C:\Program Files\Java\jdk-24\bin\management_ext.dll
Event: 0.268 Loaded shared library C:\Program Files\Java\jdk-24\bin\jimage.dll

Deoptimization events (20 events):
Event: 2.155 Thread 0x000002c24a66c220 Uncommon trap: trap_request=0xffffffd6 fr.pc=0x000002c25cf84be0 relative=0x0000000000000760
Event: 2.155 Thread 0x000002c24a66c220 Uncommon trap: reason=array_check action=maybe_recompile pc=0x000002c25cf84be0 method=jdk.internal.classfile.impl.AttributeHolder.withAttribute(Ljava/lang/classfile/Attribute;)V @ 115 c2
Event: 2.155 Thread 0x000002c24a66c220 DEOPT PACKING pc=0x000002c25cf84be0 sp=0x000000f7498f6800
Event: 2.155 Thread 0x000002c24a66c220 DEOPT UNPACKING pc=0x000002c25c9d6d02 sp=0x000000f7498f67c0 mode 2
Event: 2.155 Thread 0x000002c24a66c220 Uncommon trap: trap_request=0xffffffd6 fr.pc=0x000002c25cf84be0 relative=0x0000000000000760
Event: 2.155 Thread 0x000002c24a66c220 Uncommon trap: reason=array_check action=maybe_recompile pc=0x000002c25cf84be0 method=jdk.internal.classfile.impl.AttributeHolder.withAttribute(Ljava/lang/classfile/Attribute;)V @ 115 c2
Event: 2.155 Thread 0x000002c24a66c220 DEOPT PACKING pc=0x000002c25cf84be0 sp=0x000000f7498f6880
Event: 2.155 Thread 0x000002c24a66c220 DEOPT UNPACKING pc=0x000002c25c9d6d02 sp=0x000000f7498f6840 mode 2
Event: 2.156 Thread 0x000002c24a66c220 Uncommon trap: trap_request=0xffffffd6 fr.pc=0x000002c25cf84be0 relative=0x0000000000000760
Event: 2.156 Thread 0x000002c24a66c220 Uncommon trap: reason=array_check action=maybe_recompile pc=0x000002c25cf84be0 method=jdk.internal.classfile.impl.AttributeHolder.withAttribute(Ljava/lang/classfile/Attribute;)V @ 115 c2
Event: 2.156 Thread 0x000002c24a66c220 DEOPT PACKING pc=0x000002c25cf84be0 sp=0x000000f7498f6cf0
Event: 2.156 Thread 0x000002c24a66c220 DEOPT UNPACKING pc=0x000002c25c9d6d02 sp=0x000000f7498f6cb0 mode 2
Event: 2.156 Thread 0x000002c24a66c220 Uncommon trap: trap_request=0xffffffd6 fr.pc=0x000002c25cf84be0 relative=0x0000000000000760
Event: 2.156 Thread 0x000002c24a66c220 Uncommon trap: reason=array_check action=maybe_recompile pc=0x000002c25cf84be0 method=jdk.internal.classfile.impl.AttributeHolder.withAttribute(Ljava/lang/classfile/Attribute;)V @ 115 c2
Event: 2.156 Thread 0x000002c24a66c220 DEOPT PACKING pc=0x000002c25cf84be0 sp=0x000000f7498f6d70
Event: 2.156 Thread 0x000002c24a66c220 DEOPT UNPACKING pc=0x000002c25c9d6d02 sp=0x000000f7498f6d30 mode 2
Event: 2.189 Thread 0x000002c24a66c220 Uncommon trap: trap_request=0xffffff4d fr.pc=0x000002c25cf5ecf0 relative=0x0000000000002990
Event: 2.189 Thread 0x000002c24a66c220 Uncommon trap: reason=unstable_if action=reinterpret pc=0x000002c25cf5ecf0 method=java.net.URL.<init>(Ljava/net/URL;Ljava/lang/String;Ljava/net/URLStreamHandler;)V @ 327 c2
Event: 2.189 Thread 0x000002c24a66c220 DEOPT PACKING pc=0x000002c25cf5ecf0 sp=0x000000f7498fbdd0
Event: 2.189 Thread 0x000002c24a66c220 DEOPT UNPACKING pc=0x000002c25c9d6d02 sp=0x000000f7498fbd70 mode 2

Classes loaded (20 events):
Event: 2.105 Loading class java/util/HashMap$EntrySpliterator
Event: 2.106 Loading class java/util/HashMap$EntrySpliterator done
Event: 2.115 Loading class java/util/Stack
Event: 2.115 Loading class java/util/Vector
Event: 2.115 Loading class java/util/Vector done
Event: 2.115 Loading class java/util/Stack done
Event: 2.115 Loading class java/util/Vector$Itr
Event: 2.115 Loading class java/util/Vector$Itr done
Event: 2.183 Loading class sun/reflect/generics/scope/MethodScope
Event: 2.183 Loading class sun/reflect/generics/scope/MethodScope done
Event: 2.183 Loading class sun/reflect/generics/repository/MethodRepository
Event: 2.183 Loading class sun/reflect/generics/repository/MethodRepository done
Event: 2.183 Loading class java/util/AbstractList$ListItr
Event: 2.183 Loading class java/util/AbstractList$Itr
Event: 2.183 Loading class java/util/AbstractList$Itr done
Event: 2.183 Loading class java/util/AbstractList$ListItr done
Event: 2.224 Loading class java/io/NotSerializableException
Event: 2.224 Loading class java/io/NotSerializableException done
Event: 2.224 Loading class java/util/concurrent/CompletionException
Event: 2.224 Loading class java/util/concurrent/CompletionException done

Classes unloaded (0 events):
No events

Classes redefined (0 events):
No events

Internal exceptions (20 events):
Event: 1.784 Thread 0x000002c24a66c220 Exception <a 'java/lang/NoSuchMethodError'{0x000000062238f718}: 'java.lang.Object java.lang.invoke.DelegatingMethodHandle$Holder.delegate(java.lang.Object, int, java.lang.Object, java.lang.Object)'> (0x000000062238f718) 
thrown [s\open\src\hotspot\share\interpreter\linkResolver.cpp, line 805]
Event: 1.788 Thread 0x000002c24a66c220 Exception <a 'java/lang/NoSuchMethodError'{0x00000006223b9bf8}: 'java.lang.Object java.lang.invoke.DirectMethodHandle$Holder.invokeStatic(java.lang.Object, java.lang.Object, java.lang.Object, java.lang.Object, java.lang.Object, java.lang.Object, java.lang.Object, java.lang.Object)'> (0x00000006223b9bf8) 
thrown [s\open\src\hotspot\share\interpreter\linkResolver.cpp, line 805]
Event: 1.789 Thread 0x000002c24a66c220 Exception <a 'java/lang/NoSuchMethodError'{0x00000006223cd3e0}: 'int java.lang.invoke.Invokers$Holder.linkToTargetMethod(java.lang.Object, java.lang.Object, java.lang.Object)'> (0x00000006223cd3e0) 
thrown [s\open\src\hotspot\share\interpreter\linkResolver.cpp, line 805]
Event: 1.882 Thread 0x000002c24a66c220 Exception <a 'java/lang/IncompatibleClassChangeError'{0x0000000621f5a6d8}: Found class java.lang.Object, but interface was expected> (0x0000000621f5a6d8) 
thrown [s\open\src\hotspot\share\interpreter\linkResolver.cpp, line 872]
Event: 1.892 Thread 0x000002c24a66c220 Exception <a 'sun/nio/fs/WindowsException'{0x0000000621f8ee50}> (0x0000000621f8ee50) 
thrown [s\open\src\hotspot\share\prims\jni.cpp, line 518]
Event: 1.897 Thread 0x000002c24a66c220 Exception <a 'java/lang/NoSuchMethodError'{0x0000000621fa9618}: 'java.lang.Object java.lang.invoke.DirectMethodHandle$Holder.invokeStatic(java.lang.Object, long, java.lang.Object)'> (0x0000000621fa9618) 
thrown [s\open\src\hotspot\share\interpreter\linkResolver.cpp, line 805]
Event: 1.897 Thread 0x000002c24a66c220 Exception <a 'java/lang/NoSuchMethodError'{0x0000000621fb1c70}: 'java.lang.Object java.lang.invoke.DirectMethodHandle$Holder.invokeStaticInit(java.lang.Object, long, java.lang.Object)'> (0x0000000621fb1c70) 
thrown [s\open\src\hotspot\share\interpreter\linkResolver.cpp, line 805]
Event: 1.898 Thread 0x000002c24a66c220 Exception <a 'java/lang/NoSuchMethodError'{0x0000000621fc1720}: 'java.lang.Object java.lang.invoke.DirectMethodHandle$Holder.newInvokeSpecial(java.lang.Object, long)'> (0x0000000621fc1720) 
thrown [s\open\src\hotspot\share\interpreter\linkResolver.cpp, line 805]
Event: 1.930 Thread 0x000002c24a66c220 Implicit null exception at 0x000002c25ce7d02d to 0x000002c25ce7d2c0
Event: 1.939 Thread 0x000002c24a66c220 Exception <a 'java/lang/NoSuchMethodError'{0x0000000621a30d50}: 'java.lang.Object java.lang.invoke.DirectMethodHandle$Holder.invokeSpecial(java.lang.Object, java.lang.Object, java.lang.Object, java.lang.Object, java.lang.Object, java.lang.Object, int)'> (0x0000000621a30d50) 
thrown [s\open\src\hotspot\share\interpreter\linkResolver.cpp, line 805]
Event: 1.940 Thread 0x000002c24a66c220 Exception <a 'java/lang/NoSuchMethodError'{0x0000000621a43220}: 'java.lang.Object java.lang.invoke.DirectMethodHandle$Holder.newInvokeSpecial(java.lang.Object, java.lang.Object, java.lang.Object, java.lang.Object, java.lang.Object, java.lang.Object, int)'> (0x0000000621a43220) 
thrown [s\open\src\hotspot\share\interpreter\linkResolver.cpp, line 805]
Event: 1.940 Thread 0x000002c24a66c220 Exception <a 'java/lang/NoSuchMethodError'{0x0000000621a4c750}: 'java.lang.Object java.lang.invoke.DirectMethodHandle$Holder.invokeSpecial(java.lang.Object, java.lang.Object, java.lang.Object, java.lang.Object, java.lang.Object, java.lang.Object, java.lang.Object, int)'> (0x0000000621a4c750) 
thrown [s\open\src\hotspot\share\interpreter\linkResolver.cpp, line 805]
Event: 2.011 Thread 0x000002c24a66c220 Implicit null exception at 0x000002c25cea7ea9 to 0x000002c25cea8138
Event: 2.023 Thread 0x000002c24a66c220 Exception <a 'java/lang/NoSuchMethodError'{0x00000006215eb150}: 'java.lang.Object java.lang.invoke.DirectMethodHandle$Holder.newInvokeSpecial(java.lang.Object, java.lang.Object, java.lang.Object, java.lang.Object, int, java.lang.Object)'> (0x00000006215eb150) 
thrown [s\open\src\hotspot\share\interpreter\linkResolver.cpp, line 805]
Event: 2.023 Thread 0x000002c24a66c220 Exception <a 'java/lang/NoSuchMethodError'{0x00000006215f44a0}: 'java.lang.Object java.lang.invoke.DirectMethodHandle$Holder.invokeSpecial(java.lang.Object, java.lang.Object, java.lang.Object, java.lang.Object, java.lang.Object, int, java.lang.Object)'> (0x00000006215f44a0) 
thrown [s\open\src\hotspot\share\interpreter\linkResolver.cpp, line 805]
Event: 2.036 Thread 0x000002c24a66c220 Exception <a 'java/lang/NoSuchMethodError'{0x00000006216c3ae0}: 'java.lang.Object java.lang.invoke.DirectMethodHandle$Holder.newInvokeSpecial(java.lang.Object, java.lang.Object, java.lang.Object, int, java.lang.Object)'> (0x00000006216c3ae0) 
thrown [s\open\src\hotspot\share\interpreter\linkResolver.cpp, line 805]
Event: 2.037 Thread 0x000002c24a66c220 Exception <a 'java/lang/NoSuchMethodError'{0x00000006216cc5f8}: 'java.lang.Object java.lang.invoke.Invokers$Holder.linkToTargetMethod(java.lang.Object, java.lang.Object, int, java.lang.Object, java.lang.Object)'> (0x00000006216cc5f8) 
thrown [s\open\src\hotspot\share\interpreter\linkResolver.cpp, line 805]
Event: 2.038 Thread 0x000002c24a66c220 Exception <a 'java/lang/NoSuchMethodError'{0x00000006216e8340}: 'java.lang.Object java.lang.invoke.DirectMethodHandle$Holder.newInvokeSpecial(java.lang.Object, int, java.lang.Object)'> (0x00000006216e8340) 
thrown [s\open\src\hotspot\share\interpreter\linkResolver.cpp, line 805]
Event: 2.073 Thread 0x000002c24a66c220 Exception <a 'java/lang/NoSuchMethodError'{0x00000006210ac068}: 'void java.lang.invoke.DirectMethodHandle$Holder.invokeStatic(java.lang.Object, java.lang.Object, int)'> (0x00000006210ac068) 
thrown [s\open\src\hotspot\share\interpreter\linkResolver.cpp, line 805]
Event: 2.185 Thread 0x000002c24a66c220 Exception <a 'java/lang/IncompatibleClassChangeError'{0x0000000620e51388}: Found class java.lang.Object, but interface was expected> (0x0000000620e51388) 
thrown [s\open\src\hotspot\share\interpreter\linkResolver.cpp, line 872]

VM Operations (20 events):
Event: 1.529 Executing VM operation: HandshakeAllThreads (Deoptimize)
Event: 1.529 Executing VM operation: HandshakeAllThreads (Deoptimize) done
Event: 1.533 Executing VM operation: HandshakeAllThreads (Deoptimize)
Event: 1.533 Executing VM operation: HandshakeAllThreads (Deoptimize) done
Event: 1.539 Executing VM operation: HandshakeAllThreads (Deoptimize)
Event: 1.539 Executing VM operation: HandshakeAllThreads (Deoptimize) done
Event: 1.595 Executing VM operation: HandshakeAllThreads (Deoptimize)
Event: 1.595 Executing VM operation: HandshakeAllThreads (Deoptimize) done
Event: 1.620 Executing VM operation: HandshakeAllThreads (Deoptimize)
Event: 1.620 Executing VM operation: HandshakeAllThreads (Deoptimize) done
Event: 1.768 Executing VM operation: HandshakeAllThreads (Deoptimize)
Event: 1.768 Executing VM operation: HandshakeAllThreads (Deoptimize) done
Event: 1.893 Executing VM operation: HandshakeAllThreads (Deoptimize)
Event: 1.893 Executing VM operation: HandshakeAllThreads (Deoptimize) done
Event: 2.022 Executing VM operation: HandshakeAllThreads (Deoptimize)
Event: 2.022 Executing VM operation: HandshakeAllThreads (Deoptimize) done
Event: 2.145 Executing VM operation: HandshakeAllThreads (Deoptimize)
Event: 2.145 Executing VM operation: HandshakeAllThreads (Deoptimize) done
Event: 2.195 Executing VM operation: HandshakeAllThreads (Deoptimize)
Event: 2.195 Executing VM operation: HandshakeAllThreads (Deoptimize) done

Memory protections (0 events):
No events

Nmethod flushes (0 events):
No events

Events (16 events):
Event: 0.032 Thread 0x000002c24a66c220 Thread added: 0x000002c24a66c220
Event: 0.045 Thread 0x000002c24a66c220 Thread added: 0x000002c245009a00
Event: 0.045 Thread 0x000002c24a66c220 Thread added: 0x000002c24500a140
Event: 0.045 Thread 0x000002c24a66c220 Thread added: 0x000002c245011110
Event: 0.045 Thread 0x000002c24a66c220 Thread added: 0x000002c2450122e0
Event: 0.046 Thread 0x000002c24a66c220 Thread added: 0x000002c245014f10
Event: 0.046 Thread 0x000002c24a66c220 Thread added: 0x000002c2450172a0
Event: 0.046 Thread 0x000002c24a66c220 Thread added: 0x000002c245022890
Event: 0.046 Thread 0x000002c24a66c220 Thread added: 0x000002c245026af0
Event: 0.088 Thread 0x000002c24a66c220 Thread added: 0x000002c245016400
Event: 0.107 Thread 0x000002c245022890 Thread added: 0x000002c2452631d0
Event: 0.107 Thread 0x000002c245022890 Thread added: 0x000002c245263960
Event: 0.226 Thread 0x000002c24a66c220 Thread added: 0x000002c2450179f0
Event: 0.288 Thread 0x000002c24a66c220 Thread added: 0x000002c245015cb0
Event: 0.296 Thread 0x000002c24a66c220 Thread added: 0x000002c245018890
Event: 2.168 Thread 0x000002c24a66c220 Thread added: 0x000002c246176480


Dynamic libraries:
0x00007ff7df570000 - 0x00007ff7df580000 	C:\Program Files\Java\jdk-24\bin\java.exe
0x00007ffe2ca40000 - 0x00007ffe2cca7000 	C:\WINDOWS\SYSTEM32\ntdll.dll
0x00007ffe2b370000 - 0x00007ffe2b439000 	C:\WINDOWS\System32\KERNEL32.DLL
0x00007ffe295e0000 - 0x00007ffe299d7000 	C:\WINDOWS\System32\KERNELBASE.dll
0x00007ffe2a540000 - 0x00007ffe2a68b000 	C:\WINDOWS\System32\ucrtbase.dll
0x00007ffdfb630000 - 0x00007ffdfb64b000 	C:\Program Files\Java\jdk-24\bin\VCRUNTIME140.dll
0x00007ffdfb8a0000 - 0x00007ffdfb8b6000 	C:\Program Files\Java\jdk-24\bin\jli.dll
0x00007ffe2a9e0000 - 0x00007ffe2aba6000 	C:\WINDOWS\System32\USER32.dll
0x00007ffe0ab40000 - 0x00007ffe0add2000 	C:\WINDOWS\WinSxS\amd64_microsoft.windows.common-controls_6595b64144ccf1df_6.0.26100.8457_none_3e0b2faee331e92d\COMCTL32.dll
0x00007ffe295b0000 - 0x00007ffe295d7000 	C:\WINDOWS\System32\win32u.dll
0x00007ffe2c3a0000 - 0x00007ffe2c449000 	C:\WINDOWS\System32\msvcrt.dll
0x00007ffe2b2c0000 - 0x00007ffe2b2eb000 	C:\WINDOWS\System32\GDI32.dll
0x00007ffe2a690000 - 0x00007ffe2a7bc000 	C:\WINDOWS\System32\gdi32full.dll
0x00007ffe29470000 - 0x00007ffe29513000 	C:\WINDOWS\System32\msvcp_win.dll
0x00007ffe2c060000 - 0x00007ffe2c092000 	C:\WINDOWS\System32\IMM32.DLL
0x00007ffe0cde0000 - 0x00007ffe0cdec000 	C:\Program Files\Java\jdk-24\bin\vcruntime140_1.dll
0x00007ffddd490000 - 0x00007ffddd51e000 	C:\Program Files\Java\jdk-24\bin\msvcp140.dll
0x00007ffdba360000 - 0x00007ffdbb101000 	C:\Program Files\Java\jdk-24\bin\server\jvm.dll
0x00007ffe2b620000 - 0x00007ffe2b6d6000 	C:\WINDOWS\System32\ADVAPI32.dll
0x00007ffe2b100000 - 0x00007ffe2b1a7000 	C:\WINDOWS\System32\sechost.dll
0x00007ffe2a7c0000 - 0x00007ffe2a8d8000 	C:\WINDOWS\System32\RPCRT4.dll
0x00007ffe2c310000 - 0x00007ffe2c390000 	C:\WINDOWS\System32\WS2_32.dll
0x00007ffe292d0000 - 0x00007ffe2932e000 	C:\WINDOWS\SYSTEM32\POWRPROF.dll
0x00007ffe1af40000 - 0x00007ffe1af4b000 	C:\WINDOWS\SYSTEM32\VERSION.dll
0x00007ffe211e0000 - 0x00007ffe21216000 	C:\WINDOWS\SYSTEM32\WINMM.dll
0x00007ffe292b0000 - 0x00007ffe292c4000 	C:\WINDOWS\SYSTEM32\UMPDC.dll
0x00007ffe28200000 - 0x00007ffe2821b000 	C:\WINDOWS\SYSTEM32\kernel.appcore.dll
0x00007ffdfc840000 - 0x00007ffdfc84a000 	C:\Program Files\Java\jdk-24\bin\jimage.dll
0x00007ffe272d0000 - 0x00007ffe27512000 	C:\WINDOWS\SYSTEM32\DBGHELP.DLL
0x00007ffe2ad30000 - 0x00007ffe2b0b3000 	C:\WINDOWS\System32\combase.dll
0x00007ffe2bf80000 - 0x00007ffe2c059000 	C:\WINDOWS\System32\OLEAUT32.dll
0x00007ffdf9fe0000 - 0x00007ffdfa01b000 	C:\WINDOWS\SYSTEM32\dbgcore.DLL
0x00007ffe299e0000 - 0x00007ffe29a88000 	C:\WINDOWS\System32\bcryptPrimitives.dll
0x00007ffdfa640000 - 0x00007ffdfa64f000 	C:\Program Files\Java\jdk-24\bin\instrument.dll
0x00007ffdfb610000 - 0x00007ffdfb62e000 	C:\Program Files\Java\jdk-24\bin\java.dll
0x00007ffe2c170000 - 0x00007ffe2c307000 	C:\WINDOWS\System32\ole32.dll
0x00007ffe2b770000 - 0x00007ffe2bede000 	C:\WINDOWS\System32\SHELL32.dll
0x00007ffe29cd0000 - 0x00007ffe2a53c000 	C:\WINDOWS\System32\windows.storage.dll
0x00007ffe2a8e0000 - 0x00007ffe2a9d6000 	C:\WINDOWS\System32\SHCORE.dll
0x00007ffe2b6e0000 - 0x00007ffe2b746000 	C:\WINDOWS\System32\shlwapi.dll
0x00007ffe29390000 - 0x00007ffe293b9000 	C:\WINDOWS\SYSTEM32\profapi.dll
0x00007ffddd3b0000 - 0x00007ffddd487000 	C:\Program Files\Java\jdk-24\bin\jsvml.dll
0x00007ffdfaa70000 - 0x00007ffdfaa87000 	C:\Program Files\Java\jdk-24\bin\zip.dll
0x00007ffdfc060000 - 0x00007ffdfc070000 	C:\Program Files\Java\jdk-24\bin\net.dll
0x00007ffe28770000 - 0x00007ffe287dc000 	C:\WINDOWS\system32\mswsock.dll
0x00007ffdfb110000 - 0x00007ffdfb126000 	C:\Program Files\Java\jdk-24\bin\nio.dll
0x00007ffdfa630000 - 0x00007ffdfa63a000 	C:\Program Files\Java\jdk-24\bin\management.dll
0x00007ffdf6340000 - 0x00007ffdf634b000 	C:\Program Files\Java\jdk-24\bin\management_ext.dll
0x00007ffe2ad20000 - 0x00007ffe2ad28000 	C:\WINDOWS\System32\PSAPI.DLL

JVMTI agents:
C:\Users\ADMIN\.m2\repository/net/bytebuddy/byte-buddy-agent/1.17.8/byte-buddy-agent-1.17.8.jar path:C:\Program Files\Java\jdk-24\bin\instrument.dll, loaded, initialized, instrumentlib options:none

dbghelp: loaded successfully - version: 4.0.5 - missing functions: none
symbol engine: initialized successfully - sym options: 0x614 - pdb path: .;C:\Program Files\Java\jdk-24\bin;C:\WINDOWS\SYSTEM32;C:\WINDOWS\WinSxS\amd64_microsoft.windows.common-controls_6595b64144ccf1df_6.0.26100.8457_none_3e0b2faee331e92d;C:\Program Files\Java\jdk-24\bin\server

VM Arguments:
jvm_args: -Djdk.net.URLClassPath.disableClassPathURLCheck=true -javaagent:C:\Users\ADMIN\.m2\repository/net/bytebuddy/byte-buddy-agent/1.17.8/byte-buddy-agent-1.17.8.jar 
java_command: C:\Users\ADMIN\AppData\Local\Temp\surefire8663999854842619869\surefirebooter-20260517234820658_3.jar C:\Users\ADMIN\AppData\Local\Temp\surefire8663999854842619869 2026-05-17T23-48-20_471-jvmRun1 surefire-20260517234820658_1tmp surefire_0-20260517234820658_2tmp
java_class_path (initial): C:\Users\ADMIN\AppData\Local\Temp\surefire8663999854842619869\surefirebooter-20260517234820658_3.jar
Launcher Type: SUN_STANDARD

[Global flags]
     intx CICompilerCount                          = 4                                         {product} {ergonomic}
     uint ConcGCThreads                            = 2                                         {product} {ergonomic}
     uint G1ConcRefinementThreads                  = 8                                         {product} {ergonomic}
   size_t G1HeapRegionSize                         = 4194304                                   {product} {ergonomic}
   size_t InitialHeapSize                          = 532676608                                 {product} {ergonomic}
   size_t MarkStackSize                            = 4194304                                   {product} {ergonomic}
   size_t MarkStackSizeMax                         = 536870912                                 {product} {ergonomic}
   size_t MaxHeapSize                              = 8522825728                                {product} {ergonomic}
   size_t MaxNewSize                               = 5112856576                                {product} {ergonomic}
   size_t MinHeapDeltaBytes                        = 4194304                                   {product} {ergonomic}
   size_t MinHeapSize                              = 8388608                                   {product} {ergonomic}
    uintx NonNMethodCodeHeapSize                   = 5832704                                {pd product} {ergonomic}
    uintx NonProfiledCodeHeapSize                  = 122945536                              {pd product} {ergonomic}
    uintx ProfiledCodeHeapSize                     = 122880000                              {pd product} {ergonomic}
    uintx ReservedCodeCacheSize                    = 251658240                              {pd product} {ergonomic}
     bool SegmentedCodeCache                       = true                                      {product} {ergonomic}
   size_t SoftMaxHeapSize                          = 8522825728                             {manageable} {ergonomic}
     bool UseCompressedOops                        = true                           {product lp64_product} {ergonomic}
     bool UseG1GC                                  = true                                      {product} {ergonomic}
     bool UseLargePagesIndividualAllocation        = false                                  {pd product} {ergonomic}

Logging:
Log output configuration:
 #0: stdout all=warning uptime,level,tags foldmultilines=false
 #1: stderr all=off uptime,level,tags foldmultilines=false

Environment Variables:
PATH=C:\Program Files (x86)\Common Files\Intel\Shared Libraries\redist\intel64\compiler;C:\Program Files\Common Files\Oracle\Java\javapath;C:\Program Files\Microsoft\jdk-11.0.16.101-hotspot\bin;C:\WINDOWS\system32;C:\WINDOWS;C:\WINDOWS\System32\Wbem;C:\WINDOWS\System32\WindowsPowerShell\v1.0\;C:\WINDOWS\System32\OpenSSH\;C:\Program Files\Java\jdk-20\bin;E:\java\openjfx-20.0.1_windows-x64_bin-sdk\javafx-sdk-20.0.1\bin;C:\Program Files\dotnet\;C:\Program Files\Java\jdk-17\bin;C:\Program Files\Java\jdk1.8.0_361\bin;C:\Users\ADMIN\AppData\Local\Temp\MicrosoftEdgeDownloads\52125c8b-0d2d-47fb-bac7-e846a6ce6701;D:\spring-boot-cli-3.2.4-bin\spring-3.2.4\bin;D:\chuyendetonghop\apache-maven-3.9.9-bin\apache-maven-3.9.9\bin;C:\ProgramData\ComposerSetup\bin;C:\Program Files\PuTTY\;C:\Program Files (x86)\ZeroTier\One\;D:\ki2_2025\thietkehethong\windows_10_cmake_Release_Graphviz-12.2.1-win64\Graphviz-12.2.1-win64\bin;C:\Program Files\WireGuard\;C:\Users\ADMIN\AppData\Local\nvm;C:\nvm4w\nodejs;C:\Program Files\Git\cmd;C:\Program Files\Docker\Docker\resources\bin;C:\Users\ADMIN\AppData\Local\Programs\Python\Python311\Scripts\;C:\Users\ADMIN\AppData\Local\Programs\Python\Python311\;C:\Users\ADMIN\AppData\Local\Microsoft\WindowsApps;C:\Program Files\Azure Data Studio\bin;C:\xampp\php;D:\ungdung\intellj_a\IntelliJ IDEA 2026.1\bin;C:\Program Files\JetBrains\IntelliJ IDEA Community Edition 2022.3\bin;;C:\Users\ADMIN\AppData\Roaming\Composer\vendor\bin;C:\Users\ADMIN\AppData\Roaming\npm;C:\Users\ADMIN\AppData\Local\GitHubDesktop\bin;C:\Users\ADMIN\AppData\Local\nvm;C:\nvm4w\nodejs;D:\ungdung\vscode\bin;D:\ungdung\Antigravity\bin
USERNAME=ADMIN
OS=Windows_NT
PROCESSOR_IDENTIFIER=Intel64 Family 6 Model 140 Stepping 2, GenuineIntel
TMP=C:\Users\ADMIN\AppData\Local\Temp
TEMP=C:\Users\ADMIN\AppData\Local\Temp




Periodic native trim disabled

---------------  S Y S T E M  ---------------

OS:
 Windows 11 , 64 bit Build 26100 (10.0.26100.8328)
OS uptime: 2 days 1:03 hours
Hyper-V role detected

CPU: total 8 (initial active 8) (4 cores per cpu, 2 threads per core) family 6 model 140 stepping 2 microcode 0x3c, cx8, cmov, fxsr, ht, mmx, 3dnowpref, sse, sse2, sse3, ssse3, sse4.1, sse4.2, popcnt, lzcnt, tsc, tscinvbit, avx, avx2, aes, erms, clmul, bmi1, bmi2, adx, avx512f, avx512dq, avx512cd, avx512bw, avx512vl, sha, fma, vzeroupper, avx512_vpopcntdq, avx512_vpclmulqdq, avx512_vaes, avx512_vnni, clflush, clflushopt, clwb, avx512_vbmi2, avx512_vbmi, hv, rdtscp, rdpid, fsrm, gfni, avx512_bitalg, f16c, cet_ibt, cet_ss, avx512_ifma
Processor Information for the first 8 processors :
  Max Mhz: 2496, Current Mhz: 2496, Mhz Limit: 2496

Memory: 4k page, system-wide physical 32506M (7738M free)
TotalPageFile size 36602M (AvailPageFile size 113M)
current process WorkingSet (physical memory assigned to process): 186M, peak: 186M
current process commit charge ("private bytes"): 678M, peak: 689M

vm_info: Java HotSpot(TM) 64-Bit Server VM (24.0.2+12-54) for windows-amd64 JRE (24.0.2+12-54), built on 2025-07-08T12:10:27Z with MS VC++ 17.6 (VS2022)

END.
